{"/Users/sannyk/poc/ecommerce-frontend/src/components/Footer.jsx": {"path":"/Users/sannyk/poc/ecommerce-frontend/src/components/Footer.jsx","all":false,"statementMap":{"0":{"start":{"line":1,"column":0},"end":{"line":1,"column":26}},"1":{"start":{"line":2,"column":0},"end":{"line":2,"column":37}},"2":{"start":{"line":3,"column":0},"end":{"line":3,"column":0}},"3":{"start":{"line":4,"column":0},"end":{"line":4,"column":22}},"4":{"start":{"line":5,"column":0},"end":{"line":5,"column":10}},"5":{"start":{"line":6,"column":0},"end":{"line":6,"column":58}},"6":{"start":{"line":7,"column":0},"end":{"line":7,"column":46}},"7":{"start":{"line":8,"column":0},"end":{"line":8,"column":80}},"8":{"start":{"line":9,"column":0},"end":{"line":9,"column":68}},"9":{"start":{"line":10,"column":0},"end":{"line":10,"column":31}},"10":{"start":{"line":11,"column":0},"end":{"line":11,"column":62}},"11":{"start":{"line":12,"column":0},"end":{"line":12,"column":16}},"12":{"start":{"line":13,"column":0},"end":{"line":13,"column":10}},"13":{"start":{"line":14,"column":0},"end":{"line":14,"column":53}},"14":{"start":{"line":15,"column":0},"end":{"line":15,"column":41}},"15":{"start":{"line":16,"column":0},"end":{"line":16,"column":62}},"16":{"start":{"line":17,"column":0},"end":{"line":17,"column":16}},"17":{"start":{"line":18,"column":0},"end":{"line":18,"column":16}},"18":{"start":{"line":19,"column":0},"end":{"line":19,"column":14}},"19":{"start":{"line":20,"column":0},"end":{"line":20,"column":12}},"20":{"start":{"line":21,"column":0},"end":{"line":21,"column":13}},"21":{"start":{"line":22,"column":0},"end":{"line":22,"column":4}},"22":{"start":{"line":23,"column":0},"end":{"line":23,"column":2}},"23":{"start":{"line":24,"column":0},"end":{"line":24,"column":0}},"24":{"start":{"line":25,"column":0},"end":{"line":25,"column":22}}},"s":{"0":1,"1":1,"2":1,"3":1,"4":4,"5":4,"6":4,"7":4,"8":4,"9":4,"10":4,"11":4,"12":4,"13":4,"14":4,"15":4,"16":4,"17":4,"18":4,"19":4,"20":4,"21":4,"22":4,"23":1,"24":1},"branchMap":{"0":{"type":"branch","line":4,"loc":{"start":{"line":4,"column":15},"end":{"line":23,"column":2}},"locations":[{"start":{"line":4,"column":15},"end":{"line":23,"column":2}}]}},"b":{"0":[4]},"fnMap":{"0":{"name":"Footer","decl":{"start":{"line":4,"column":15},"end":{"line":23,"column":2}},"loc":{"start":{"line":4,"column":15},"end":{"line":23,"column":2}},"line":4}},"f":{"0":4}}
,"/Users/sannyk/poc/ecommerce-frontend/src/components/Header.jsx": {"path":"/Users/sannyk/poc/ecommerce-frontend/src/components/Header.jsx","all":false,"statementMap":{"0":{"start":{"line":1,"column":0},"end":{"line":1,"column":26}},"1":{"start":{"line":2,"column":0},"end":{"line":2,"column":53}},"2":{"start":{"line":3,"column":0},"end":{"line":3,"column":51}},"3":{"start":{"line":4,"column":0},"end":{"line":4,"column":49}},"4":{"start":{"line":5,"column":0},"end":{"line":5,"column":0}},"5":{"start":{"line":6,"column":0},"end":{"line":6,"column":22}},"6":{"start":{"line":7,"column":0},"end":{"line":7,"column":42}},"7":{"start":{"line":8,"column":0},"end":{"line":8,"column":33}},"8":{"start":{"line":9,"column":0},"end":{"line":9,"column":45}},"9":{"start":{"line":10,"column":0},"end":{"line":10,"column":0}},"10":{"start":{"line":11,"column":0},"end":{"line":11,"column":30}},"11":{"start":{"line":12,"column":0},"end":{"line":12,"column":38}},"12":{"start":{"line":13,"column":0},"end":{"line":13,"column":4}},"13":{"start":{"line":14,"column":0},"end":{"line":14,"column":0}},"14":{"start":{"line":15,"column":0},"end":{"line":15,"column":10}},"15":{"start":{"line":16,"column":0},"end":{"line":16,"column":61}},"16":{"start":{"line":17,"column":0},"end":{"line":17,"column":46}},"17":{"start":{"line":18,"column":0},"end":{"line":18,"column":64}},"18":{"start":{"line":19,"column":0},"end":{"line":19,"column":22}},"19":{"start":{"line":20,"column":0},"end":{"line":20,"column":103}},"20":{"start":{"line":21,"column":0},"end":{"line":21,"column":31}},"21":{"start":{"line":22,"column":0},"end":{"line":22,"column":62}},"22":{"start":{"line":23,"column":0},"end":{"line":23,"column":17}},"23":{"start":{"line":24,"column":0},"end":{"line":24,"column":0}},"24":{"start":{"line":25,"column":0},"end":{"line":25,"column":28}},"25":{"start":{"line":26,"column":0},"end":{"line":26,"column":65}},"26":{"start":{"line":27,"column":0},"end":{"line":27,"column":17}},"27":{"start":{"line":28,"column":0},"end":{"line":28,"column":20}},"28":{"start":{"line":29,"column":0},"end":{"line":29,"column":71}},"29":{"start":{"line":30,"column":0},"end":{"line":30,"column":54}},"30":{"start":{"line":31,"column":0},"end":{"line":31,"column":73}},"31":{"start":{"line":32,"column":0},"end":{"line":32,"column":58}},"32":{"start":{"line":33,"column":0},"end":{"line":33,"column":17}},"33":{"start":{"line":34,"column":0},"end":{"line":34,"column":13}},"34":{"start":{"line":35,"column":0},"end":{"line":35,"column":22}},"35":{"start":{"line":36,"column":0},"end":{"line":36,"column":19}},"36":{"start":{"line":37,"column":0},"end":{"line":37,"column":16}},"37":{"start":{"line":38,"column":0},"end":{"line":38,"column":0}},"38":{"start":{"line":39,"column":0},"end":{"line":39,"column":27}},"39":{"start":{"line":40,"column":0},"end":{"line":40,"column":15}},"40":{"start":{"line":41,"column":0},"end":{"line":41,"column":22}},"41":{"start":{"line":42,"column":0},"end":{"line":42,"column":81}},"42":{"start":{"line":43,"column":0},"end":{"line":43,"column":31}},"43":{"start":{"line":44,"column":0},"end":{"line":44,"column":51}},"44":{"start":{"line":45,"column":0},"end":{"line":45,"column":74}},"45":{"start":{"line":46,"column":0},"end":{"line":46,"column":15}},"46":{"start":{"line":47,"column":0},"end":{"line":47,"column":11}},"47":{"start":{"line":48,"column":0},"end":{"line":48,"column":38}},"48":{"start":{"line":49,"column":0},"end":{"line":49,"column":36}},"49":{"start":{"line":50,"column":0},"end":{"line":50,"column":153}},"50":{"start":{"line":51,"column":0},"end":{"line":51,"column":62}},"51":{"start":{"line":52,"column":0},"end":{"line":52,"column":21}},"52":{"start":{"line":53,"column":0},"end":{"line":53,"column":14}},"53":{"start":{"line":54,"column":0},"end":{"line":54,"column":17}},"54":{"start":{"line":55,"column":0},"end":{"line":55,"column":14}},"55":{"start":{"line":56,"column":0},"end":{"line":56,"column":0}},"56":{"start":{"line":57,"column":0},"end":{"line":57,"column":33}},"57":{"start":{"line":58,"column":0},"end":{"line":58,"column":40}},"58":{"start":{"line":59,"column":0},"end":{"line":59,"column":42}},"59":{"start":{"line":60,"column":0},"end":{"line":60,"column":17}},"60":{"start":{"line":61,"column":0},"end":{"line":61,"column":20}},"61":{"start":{"line":62,"column":0},"end":{"line":62,"column":71}},"62":{"start":{"line":63,"column":0},"end":{"line":63,"column":54}},"63":{"start":{"line":64,"column":0},"end":{"line":64,"column":38}},"64":{"start":{"line":65,"column":0},"end":{"line":65,"column":58}},"65":{"start":{"line":66,"column":0},"end":{"line":66,"column":17}},"66":{"start":{"line":67,"column":0},"end":{"line":67,"column":13}},"67":{"start":{"line":68,"column":0},"end":{"line":68,"column":22}},"68":{"start":{"line":69,"column":0},"end":{"line":69,"column":19}},"69":{"start":{"line":70,"column":0},"end":{"line":70,"column":16}},"70":{"start":{"line":71,"column":0},"end":{"line":71,"column":14}},"71":{"start":{"line":72,"column":0},"end":{"line":72,"column":12}},"72":{"start":{"line":73,"column":0},"end":{"line":73,"column":13}},"73":{"start":{"line":74,"column":0},"end":{"line":74,"column":4}},"74":{"start":{"line":75,"column":0},"end":{"line":75,"column":2}},"75":{"start":{"line":76,"column":0},"end":{"line":76,"column":0}},"76":{"start":{"line":77,"column":0},"end":{"line":77,"column":22}}},"s":{"0":1,"1":1,"2":1,"3":1,"4":1,"5":1,"6":11,"7":11,"8":11,"9":11,"10":11,"11":33,"12":33,"13":11,"14":11,"15":11,"16":11,"17":11,"18":11,"19":11,"20":11,"21":11,"22":11,"23":11,"24":11,"25":11,"26":11,"27":11,"28":11,"29":11,"30":11,"31":0,"32":11,"33":11,"34":11,"35":11,"36":11,"37":11,"38":11,"39":11,"40":11,"41":11,"42":11,"43":0,"44":11,"45":11,"46":11,"47":11,"48":11,"49":0,"50":0,"51":0,"52":11,"53":11,"54":11,"55":11,"56":11,"57":11,"58":11,"59":11,"60":11,"61":11,"62":11,"63":11,"64":0,"65":11,"66":11,"67":11,"68":11,"69":11,"70":11,"71":11,"72":11,"73":11,"74":11,"75":1,"76":1},"branchMap":{"0":{"type":"branch","line":6,"loc":{"start":{"line":6,"column":15},"end":{"line":75,"column":2}},"locations":[{"start":{"line":6,"column":15},"end":{"line":75,"column":2}}]},"1":{"type":"branch","line":30,"loc":{"start":{"line":30,"column":28},"end":{"line":30,"column":54}},"locations":[{"start":{"line":30,"column":28},"end":{"line":30,"column":54}}]},"2":{"type":"branch","line":31,"loc":{"start":{"line":31,"column":20},"end":{"line":32,"column":58}},"locations":[{"start":{"line":31,"column":20},"end":{"line":32,"column":58}}]},"3":{"type":"branch","line":43,"loc":{"start":{"line":43,"column":30},"end":{"line":44,"column":51}},"locations":[{"start":{"line":43,"column":30},"end":{"line":44,"column":51}}]},"4":{"type":"branch","line":49,"loc":{"start":{"line":49,"column":30},"end":{"line":52,"column":21}},"locations":[{"start":{"line":49,"column":30},"end":{"line":52,"column":21}}]},"5":{"type":"branch","line":63,"loc":{"start":{"line":63,"column":28},"end":{"line":63,"column":54}},"locations":[{"start":{"line":63,"column":28},"end":{"line":63,"column":54}}]},"6":{"type":"branch","line":64,"loc":{"start":{"line":64,"column":20},"end":{"line":65,"column":58}},"locations":[{"start":{"line":64,"column":20},"end":{"line":65,"column":58}}]},"7":{"type":"branch","line":11,"loc":{"start":{"line":11,"column":19},"end":{"line":13,"column":4}},"locations":[{"start":{"line":11,"column":19},"end":{"line":13,"column":4}}]}},"b":{"0":[11],"1":[0],"2":[0],"3":[0],"4":[0],"5":[0],"6":[0],"7":[33]},"fnMap":{"0":{"name":"Header","decl":{"start":{"line":6,"column":15},"end":{"line":75,"column":2}},"loc":{"start":{"line":6,"column":15},"end":{"line":75,"column":2}},"line":6},"1":{"name":"isActive","decl":{"start":{"line":11,"column":19},"end":{"line":13,"column":4}},"loc":{"start":{"line":11,"column":19},"end":{"line":13,"column":4}},"line":11}},"f":{"0":11,"1":33}}
,"/Users/sannyk/poc/ecommerce-frontend/src/components/LoadingSpinner.jsx": {"path":"/Users/sannyk/poc/ecommerce-frontend/src/components/LoadingSpinner.jsx","all":false,"statementMap":{"0":{"start":{"line":1,"column":0},"end":{"line":1,"column":26}},"1":{"start":{"line":2,"column":0},"end":{"line":2,"column":0}},"2":{"start":{"line":3,"column":0},"end":{"line":3,"column":69}},"3":{"start":{"line":4,"column":0},"end":{"line":4,"column":23}},"4":{"start":{"line":5,"column":0},"end":{"line":5,"column":21}},"5":{"start":{"line":6,"column":0},"end":{"line":6,"column":22}},"6":{"start":{"line":7,"column":0},"end":{"line":7,"column":22}},"7":{"start":{"line":8,"column":0},"end":{"line":8,"column":4}},"8":{"start":{"line":9,"column":0},"end":{"line":9,"column":0}},"9":{"start":{"line":10,"column":0},"end":{"line":10,"column":10}},"10":{"start":{"line":11,"column":0},"end":{"line":11,"column":69}},"11":{"start":{"line":12,"column":0},"end":{"line":12,"column":124}},"12":{"start":{"line":13,"column":0},"end":{"line":13,"column":60}},"13":{"start":{"line":14,"column":0},"end":{"line":14,"column":10}},"14":{"start":{"line":15,"column":0},"end":{"line":15,"column":4}},"15":{"start":{"line":16,"column":0},"end":{"line":16,"column":2}},"16":{"start":{"line":17,"column":0},"end":{"line":17,"column":0}},"17":{"start":{"line":18,"column":0},"end":{"line":18,"column":30}}},"s":{"0":1,"1":1,"2":1,"3":23,"4":23,"5":23,"6":23,"7":23,"8":23,"9":23,"10":23,"11":23,"12":23,"13":23,"14":23,"15":23,"16":1,"17":1},"branchMap":{"0":{"type":"branch","line":3,"loc":{"start":{"line":3,"column":23},"end":{"line":16,"column":2}},"locations":[{"start":{"line":3,"column":23},"end":{"line":16,"column":2}}]},"1":{"type":"branch","line":13,"loc":{"start":{"line":13,"column":7},"end":{"line":13,"column":60}},"locations":[{"start":{"line":13,"column":7},"end":{"line":13,"column":60}}]}},"b":{"0":[23],"1":[22]},"fnMap":{"0":{"name":"LoadingSpinner","decl":{"start":{"line":3,"column":23},"end":{"line":16,"column":2}},"loc":{"start":{"line":3,"column":23},"end":{"line":16,"column":2}},"line":3}},"f":{"0":23}}
,"/Users/sannyk/poc/ecommerce-frontend/src/components/ProductCard.jsx": {"path":"/Users/sannyk/poc/ecommerce-frontend/src/components/ProductCard.jsx","all":false,"statementMap":{"0":{"start":{"line":1,"column":0},"end":{"line":1,"column":26}},"1":{"start":{"line":2,"column":0},"end":{"line":2,"column":40}},"2":{"start":{"line":3,"column":0},"end":{"line":3,"column":50}},"3":{"start":{"line":4,"column":0},"end":{"line":4,"column":49}},"4":{"start":{"line":5,"column":0},"end":{"line":5,"column":0}},"5":{"start":{"line":6,"column":0},"end":{"line":6,"column":57}},"6":{"start":{"line":7,"column":0},"end":{"line":7,"column":34}},"7":{"start":{"line":8,"column":0},"end":{"line":8,"column":0}},"8":{"start":{"line":9,"column":0},"end":{"line":9,"column":34}},"9":{"start":{"line":10,"column":0},"end":{"line":10,"column":23}},"10":{"start":{"line":11,"column":0},"end":{"line":11,"column":24}},"11":{"start":{"line":12,"column":0},"end":{"line":12,"column":23}},"12":{"start":{"line":13,"column":0},"end":{"line":13,"column":4}},"13":{"start":{"line":14,"column":0},"end":{"line":14,"column":0}},"14":{"start":{"line":15,"column":0},"end":{"line":15,"column":45}},"15":{"start":{"line":16,"column":0},"end":{"line":16,"column":46}},"16":{"start":{"line":17,"column":0},"end":{"line":17,"column":45}},"17":{"start":{"line":18,"column":0},"end":{"line":18,"column":4}},"18":{"start":{"line":19,"column":0},"end":{"line":19,"column":0}},"19":{"start":{"line":20,"column":0},"end":{"line":20,"column":34}},"20":{"start":{"line":21,"column":0},"end":{"line":21,"column":43}},"21":{"start":{"line":22,"column":0},"end":{"line":22,"column":24}},"22":{"start":{"line":23,"column":0},"end":{"line":23,"column":21}},"23":{"start":{"line":24,"column":0},"end":{"line":24,"column":21}},"24":{"start":{"line":25,"column":0},"end":{"line":25,"column":4}},"25":{"start":{"line":26,"column":0},"end":{"line":26,"column":0}},"26":{"start":{"line":27,"column":0},"end":{"line":27,"column":28}},"27":{"start":{"line":28,"column":0},"end":{"line":28,"column":12}},"28":{"start":{"line":29,"column":0},"end":{"line":29,"column":60}},"29":{"start":{"line":30,"column":0},"end":{"line":30,"column":81}},"30":{"start":{"line":31,"column":0},"end":{"line":31,"column":59}},"31":{"start":{"line":32,"column":0},"end":{"line":32,"column":43}},"32":{"start":{"line":33,"column":0},"end":{"line":33,"column":18}},"33":{"start":{"line":34,"column":0},"end":{"line":34,"column":35}},"34":{"start":{"line":35,"column":0},"end":{"line":35,"column":35}},"35":{"start":{"line":36,"column":0},"end":{"line":36,"column":81}},"36":{"start":{"line":37,"column":0},"end":{"line":37,"column":16}},"37":{"start":{"line":38,"column":0},"end":{"line":38,"column":18}},"38":{"start":{"line":39,"column":0},"end":{"line":39,"column":39}},"39":{"start":{"line":40,"column":0},"end":{"line":40,"column":97}},"40":{"start":{"line":41,"column":0},"end":{"line":41,"column":43}},"41":{"start":{"line":42,"column":0},"end":{"line":42,"column":75}},"42":{"start":{"line":43,"column":0},"end":{"line":43,"column":53}},"43":{"start":{"line":44,"column":0},"end":{"line":44,"column":23}},"44":{"start":{"line":45,"column":0},"end":{"line":45,"column":60}},"45":{"start":{"line":46,"column":0},"end":{"line":46,"column":60}},"46":{"start":{"line":47,"column":0},"end":{"line":47,"column":22}},"47":{"start":{"line":48,"column":0},"end":{"line":48,"column":63}},"48":{"start":{"line":49,"column":0},"end":{"line":49,"column":74}},"49":{"start":{"line":50,"column":0},"end":{"line":50,"column":50}},"50":{"start":{"line":51,"column":0},"end":{"line":51,"column":27}},"51":{"start":{"line":52,"column":0},"end":{"line":52,"column":65}},"52":{"start":{"line":53,"column":0},"end":{"line":53,"column":82}},"53":{"start":{"line":54,"column":0},"end":{"line":54,"column":62}},"54":{"start":{"line":55,"column":0},"end":{"line":55,"column":70}},"55":{"start":{"line":56,"column":0},"end":{"line":56,"column":29}},"56":{"start":{"line":57,"column":0},"end":{"line":57,"column":26}},"57":{"start":{"line":58,"column":0},"end":{"line":58,"column":24}},"58":{"start":{"line":59,"column":0},"end":{"line":59,"column":22}},"59":{"start":{"line":60,"column":0},"end":{"line":60,"column":23}},"60":{"start":{"line":61,"column":0},"end":{"line":61,"column":43}},"61":{"start":{"line":62,"column":0},"end":{"line":62,"column":82}},"62":{"start":{"line":63,"column":0},"end":{"line":63,"column":17}},"63":{"start":{"line":64,"column":0},"end":{"line":64,"column":44}},"64":{"start":{"line":65,"column":0},"end":{"line":65,"column":42}},"65":{"start":{"line":66,"column":0},"end":{"line":66,"column":25}},"66":{"start":{"line":67,"column":0},"end":{"line":67,"column":20}},"67":{"start":{"line":68,"column":0},"end":{"line":68,"column":18}},"68":{"start":{"line":69,"column":0},"end":{"line":69,"column":16}},"69":{"start":{"line":70,"column":0},"end":{"line":70,"column":14}},"70":{"start":{"line":71,"column":0},"end":{"line":71,"column":13}},"71":{"start":{"line":72,"column":0},"end":{"line":72,"column":6}},"72":{"start":{"line":73,"column":0},"end":{"line":73,"column":3}},"73":{"start":{"line":74,"column":0},"end":{"line":74,"column":0}},"74":{"start":{"line":75,"column":0},"end":{"line":75,"column":10}},"75":{"start":{"line":76,"column":0},"end":{"line":76,"column":64}},"76":{"start":{"line":77,"column":0},"end":{"line":77,"column":97}},"77":{"start":{"line":78,"column":0},"end":{"line":78,"column":67}},"78":{"start":{"line":79,"column":0},"end":{"line":79,"column":14}},"79":{"start":{"line":80,"column":0},"end":{"line":80,"column":31}},"80":{"start":{"line":81,"column":0},"end":{"line":81,"column":31}},"81":{"start":{"line":82,"column":0},"end":{"line":82,"column":108}},"82":{"start":{"line":83,"column":0},"end":{"line":83,"column":12}},"83":{"start":{"line":84,"column":0},"end":{"line":84,"column":14}},"84":{"start":{"line":85,"column":0},"end":{"line":85,"column":29}},"85":{"start":{"line":86,"column":0},"end":{"line":86,"column":80}},"86":{"start":{"line":87,"column":0},"end":{"line":87,"column":45}},"87":{"start":{"line":88,"column":0},"end":{"line":88,"column":15}},"88":{"start":{"line":89,"column":0},"end":{"line":89,"column":65}},"89":{"start":{"line":90,"column":0},"end":{"line":90,"column":51}},"90":{"start":{"line":91,"column":0},"end":{"line":91,"column":14}},"91":{"start":{"line":92,"column":0},"end":{"line":92,"column":66}},"92":{"start":{"line":93,"column":0},"end":{"line":93,"column":65}},"93":{"start":{"line":94,"column":0},"end":{"line":94,"column":42}},"94":{"start":{"line":95,"column":0},"end":{"line":95,"column":19}},"95":{"start":{"line":96,"column":0},"end":{"line":96,"column":57}},"96":{"start":{"line":97,"column":0},"end":{"line":97,"column":74}},"97":{"start":{"line":98,"column":0},"end":{"line":98,"column":54}},"98":{"start":{"line":99,"column":0},"end":{"line":99,"column":37}},"99":{"start":{"line":100,"column":0},"end":{"line":100,"column":21}},"100":{"start":{"line":101,"column":0},"end":{"line":101,"column":18}},"101":{"start":{"line":102,"column":0},"end":{"line":102,"column":16}},"102":{"start":{"line":103,"column":0},"end":{"line":103,"column":17}},"103":{"start":{"line":104,"column":0},"end":{"line":104,"column":37}},"104":{"start":{"line":105,"column":0},"end":{"line":105,"column":85}},"105":{"start":{"line":106,"column":0},"end":{"line":106,"column":11}},"106":{"start":{"line":107,"column":0},"end":{"line":107,"column":38}},"107":{"start":{"line":108,"column":0},"end":{"line":108,"column":36}},"108":{"start":{"line":109,"column":0},"end":{"line":109,"column":19}},"109":{"start":{"line":110,"column":0},"end":{"line":110,"column":14}},"110":{"start":{"line":111,"column":0},"end":{"line":111,"column":12}},"111":{"start":{"line":112,"column":0},"end":{"line":112,"column":11}},"112":{"start":{"line":113,"column":0},"end":{"line":113,"column":4}},"113":{"start":{"line":114,"column":0},"end":{"line":114,"column":2}},"114":{"start":{"line":115,"column":0},"end":{"line":115,"column":0}},"115":{"start":{"line":116,"column":0},"end":{"line":116,"column":27}}},"s":{"0":1,"1":1,"2":1,"3":1,"4":1,"5":1,"6":11,"7":11,"8":11,"9":0,"10":0,"11":0,"12":0,"13":11,"14":11,"15":22,"16":2,"17":22,"18":11,"19":11,"20":11,"21":11,"22":11,"23":11,"24":11,"25":11,"26":11,"27":2,"28":2,"29":2,"30":2,"31":2,"32":2,"33":2,"34":2,"35":2,"36":2,"37":2,"38":2,"39":2,"40":2,"41":2,"42":2,"43":2,"44":2,"45":2,"46":2,"47":2,"48":2,"49":2,"50":2,"51":2,"52":2,"53":2,"54":2,"55":2,"56":2,"57":2,"58":2,"59":2,"60":2,"61":2,"62":2,"63":2,"64":2,"65":2,"66":2,"67":2,"68":2,"69":2,"70":2,"71":2,"72":2,"73":9,"74":9,"75":9,"76":9,"77":9,"78":9,"79":9,"80":9,"81":9,"82":9,"83":9,"84":9,"85":9,"86":9,"87":9,"88":9,"89":9,"90":9,"91":9,"92":9,"93":9,"94":9,"95":9,"96":9,"97":9,"98":9,"99":9,"100":9,"101":9,"102":9,"103":9,"104":9,"105":9,"106":9,"107":9,"108":9,"109":9,"110":9,"111":9,"112":9,"113":9,"114":1,"115":1},"branchMap":{"0":{"type":"branch","line":6,"loc":{"start":{"line":6,"column":20},"end":{"line":114,"column":2}},"locations":[{"start":{"line":6,"column":20},"end":{"line":114,"column":2}}]},"1":{"type":"branch","line":27,"loc":{"start":{"line":27,"column":27},"end":{"line":73,"column":3}},"locations":[{"start":{"line":27,"column":27},"end":{"line":73,"column":3}}]},"2":{"type":"branch","line":73,"loc":{"start":{"line":73,"column":2},"end":{"line":114,"column":2}},"locations":[{"start":{"line":73,"column":2},"end":{"line":114,"column":2}}]},"3":{"type":"branch","line":15,"loc":{"start":{"line":15,"column":23},"end":{"line":18,"column":4}},"locations":[{"start":{"line":15,"column":23},"end":{"line":18,"column":4}}]},"4":{"type":"branch","line":16,"loc":{"start":{"line":16,"column":34},"end":{"line":16,"column":46}},"locations":[{"start":{"line":16,"column":34},"end":{"line":16,"column":46}}]},"5":{"type":"branch","line":16,"loc":{"start":{"line":16,"column":41},"end":{"line":17,"column":45}},"locations":[{"start":{"line":16,"column":41},"end":{"line":17,"column":45}}]},"6":{"type":"branch","line":20,"loc":{"start":{"line":20,"column":22},"end":{"line":25,"column":4}},"locations":[{"start":{"line":20,"column":22},"end":{"line":25,"column":4}}]}},"b":{"0":[11],"1":[2],"2":[9],"3":[22],"4":[20],"5":[2],"6":[11]},"fnMap":{"0":{"name":"ProductCard","decl":{"start":{"line":6,"column":20},"end":{"line":114,"column":2}},"loc":{"start":{"line":6,"column":20},"end":{"line":114,"column":2}},"line":6},"1":{"name":"handleAddToCart","decl":{"start":{"line":9,"column":26},"end":{"line":13,"column":4}},"loc":{"start":{"line":9,"column":26},"end":{"line":13,"column":4}},"line":9},"2":{"name":"truncateText","decl":{"start":{"line":15,"column":23},"end":{"line":18,"column":4}},"loc":{"start":{"line":15,"column":23},"end":{"line":18,"column":4}},"line":15},"3":{"name":"formatPrice","decl":{"start":{"line":20,"column":22},"end":{"line":25,"column":4}},"loc":{"start":{"line":20,"column":22},"end":{"line":25,"column":4}},"line":20}},"f":{"0":11,"1":0,"2":22,"3":11}}
,"/Users/sannyk/poc/ecommerce-frontend/src/context/CartContext.jsx": {"path":"/Users/sannyk/poc/ecommerce-frontend/src/context/CartContext.jsx","all":false,"statementMap":{"0":{"start":{"line":1,"column":0},"end":{"line":1,"column":80}},"1":{"start":{"line":2,"column":0},"end":{"line":2,"column":0}},"2":{"start":{"line":3,"column":0},"end":{"line":3,"column":36}},"3":{"start":{"line":4,"column":0},"end":{"line":4,"column":0}},"4":{"start":{"line":5,"column":0},"end":{"line":5,"column":40}},"5":{"start":{"line":6,"column":0},"end":{"line":6,"column":24}},"6":{"start":{"line":7,"column":0},"end":{"line":7,"column":23}},"7":{"start":{"line":8,"column":0},"end":{"line":8,"column":83}},"8":{"start":{"line":9,"column":0},"end":{"line":9,"column":25}},"9":{"start":{"line":10,"column":0},"end":{"line":10,"column":16}},"10":{"start":{"line":11,"column":0},"end":{"line":11,"column":19}},"11":{"start":{"line":12,"column":0},"end":{"line":12,"column":40}},"12":{"start":{"line":13,"column":0},"end":{"line":13,"column":41}},"13":{"start":{"line":14,"column":0},"end":{"line":14,"column":56}},"14":{"start":{"line":15,"column":0},"end":{"line":15,"column":20}},"15":{"start":{"line":16,"column":0},"end":{"line":16,"column":11}},"16":{"start":{"line":17,"column":0},"end":{"line":17,"column":10}},"17":{"start":{"line":18,"column":0},"end":{"line":18,"column":7}},"18":{"start":{"line":19,"column":0},"end":{"line":19,"column":14}},"19":{"start":{"line":20,"column":0},"end":{"line":20,"column":17}},"20":{"start":{"line":21,"column":0},"end":{"line":21,"column":67}},"21":{"start":{"line":22,"column":0},"end":{"line":22,"column":8}},"22":{"start":{"line":23,"column":0},"end":{"line":23,"column":0}},"23":{"start":{"line":24,"column":0},"end":{"line":24,"column":28}},"24":{"start":{"line":25,"column":0},"end":{"line":25,"column":14}},"25":{"start":{"line":26,"column":0},"end":{"line":26,"column":17}},"26":{"start":{"line":27,"column":0},"end":{"line":27,"column":69}},"27":{"start":{"line":28,"column":0},"end":{"line":28,"column":8}},"28":{"start":{"line":29,"column":0},"end":{"line":29,"column":0}},"29":{"start":{"line":30,"column":0},"end":{"line":30,"column":27}},"30":{"start":{"line":31,"column":0},"end":{"line":31,"column":14}},"31":{"start":{"line":32,"column":0},"end":{"line":32,"column":17}},"32":{"start":{"line":33,"column":0},"end":{"line":33,"column":38}},"33":{"start":{"line":34,"column":0},"end":{"line":34,"column":39}},"34":{"start":{"line":35,"column":0},"end":{"line":35,"column":60}},"35":{"start":{"line":36,"column":0},"end":{"line":36,"column":18}},"36":{"start":{"line":37,"column":0},"end":{"line":37,"column":9}},"37":{"start":{"line":38,"column":0},"end":{"line":38,"column":8}},"38":{"start":{"line":39,"column":0},"end":{"line":39,"column":0}},"39":{"start":{"line":40,"column":0},"end":{"line":40,"column":22}},"40":{"start":{"line":41,"column":0},"end":{"line":41,"column":14}},"41":{"start":{"line":42,"column":0},"end":{"line":42,"column":17}},"42":{"start":{"line":43,"column":0},"end":{"line":43,"column":17}},"43":{"start":{"line":44,"column":0},"end":{"line":44,"column":8}},"44":{"start":{"line":45,"column":0},"end":{"line":45,"column":0}},"45":{"start":{"line":46,"column":0},"end":{"line":46,"column":21}},"46":{"start":{"line":47,"column":0},"end":{"line":47,"column":14}},"47":{"start":{"line":48,"column":0},"end":{"line":48,"column":17}},"48":{"start":{"line":49,"column":0},"end":{"line":49,"column":29}},"49":{"start":{"line":50,"column":0},"end":{"line":50,"column":8}},"50":{"start":{"line":51,"column":0},"end":{"line":51,"column":0}},"51":{"start":{"line":52,"column":0},"end":{"line":52,"column":12}},"52":{"start":{"line":53,"column":0},"end":{"line":53,"column":19}},"53":{"start":{"line":54,"column":0},"end":{"line":54,"column":3}},"54":{"start":{"line":55,"column":0},"end":{"line":55,"column":2}},"55":{"start":{"line":56,"column":0},"end":{"line":56,"column":0}},"56":{"start":{"line":57,"column":0},"end":{"line":57,"column":22}},"57":{"start":{"line":58,"column":0},"end":{"line":58,"column":11}},"58":{"start":{"line":59,"column":0},"end":{"line":59,"column":2}},"59":{"start":{"line":60,"column":0},"end":{"line":60,"column":0}},"60":{"start":{"line":61,"column":0},"end":{"line":61,"column":47}},"61":{"start":{"line":62,"column":0},"end":{"line":62,"column":66}},"62":{"start":{"line":63,"column":0},"end":{"line":63,"column":0}},"63":{"start":{"line":64,"column":0},"end":{"line":64,"column":41}},"64":{"start":{"line":65,"column":0},"end":{"line":65,"column":19}},"65":{"start":{"line":66,"column":0},"end":{"line":66,"column":51}},"66":{"start":{"line":67,"column":0},"end":{"line":67,"column":20}},"67":{"start":{"line":68,"column":0},"end":{"line":68,"column":70}},"68":{"start":{"line":69,"column":0},"end":{"line":69,"column":5}},"69":{"start":{"line":70,"column":0},"end":{"line":70,"column":9}},"70":{"start":{"line":71,"column":0},"end":{"line":71,"column":0}},"71":{"start":{"line":72,"column":0},"end":{"line":72,"column":50}},"72":{"start":{"line":73,"column":0},"end":{"line":73,"column":19}},"73":{"start":{"line":74,"column":0},"end":{"line":74,"column":62}},"74":{"start":{"line":75,"column":0},"end":{"line":75,"column":20}},"75":{"start":{"line":76,"column":0},"end":{"line":76,"column":0}},"76":{"start":{"line":77,"column":0},"end":{"line":77,"column":34}},"77":{"start":{"line":78,"column":0},"end":{"line":78,"column":56}},"78":{"start":{"line":79,"column":0},"end":{"line":79,"column":4}},"79":{"start":{"line":80,"column":0},"end":{"line":80,"column":0}},"80":{"start":{"line":81,"column":0},"end":{"line":81,"column":41}},"81":{"start":{"line":82,"column":0},"end":{"line":82,"column":63}},"82":{"start":{"line":83,"column":0},"end":{"line":83,"column":4}},"83":{"start":{"line":84,"column":0},"end":{"line":84,"column":0}},"84":{"start":{"line":85,"column":0},"end":{"line":85,"column":51}},"85":{"start":{"line":86,"column":0},"end":{"line":86,"column":24}},"86":{"start":{"line":87,"column":0},"end":{"line":87,"column":32}},"87":{"start":{"line":88,"column":0},"end":{"line":88,"column":12}},"88":{"start":{"line":89,"column":0},"end":{"line":89,"column":82}},"89":{"start":{"line":90,"column":0},"end":{"line":90,"column":5}},"90":{"start":{"line":91,"column":0},"end":{"line":91,"column":4}},"91":{"start":{"line":92,"column":0},"end":{"line":92,"column":0}},"92":{"start":{"line":93,"column":0},"end":{"line":93,"column":27}},"93":{"start":{"line":94,"column":0},"end":{"line":94,"column":37}},"94":{"start":{"line":95,"column":0},"end":{"line":95,"column":4}},"95":{"start":{"line":96,"column":0},"end":{"line":96,"column":0}},"96":{"start":{"line":97,"column":0},"end":{"line":97,"column":30}},"97":{"start":{"line":98,"column":0},"end":{"line":98,"column":88}},"98":{"start":{"line":99,"column":0},"end":{"line":99,"column":4}},"99":{"start":{"line":100,"column":0},"end":{"line":100,"column":0}},"100":{"start":{"line":101,"column":0},"end":{"line":101,"column":35}},"101":{"start":{"line":102,"column":0},"end":{"line":102,"column":73}},"102":{"start":{"line":103,"column":0},"end":{"line":103,"column":4}},"103":{"start":{"line":104,"column":0},"end":{"line":104,"column":0}},"104":{"start":{"line":105,"column":0},"end":{"line":105,"column":17}},"105":{"start":{"line":106,"column":0},"end":{"line":106,"column":23}},"106":{"start":{"line":107,"column":0},"end":{"line":107,"column":14}},"107":{"start":{"line":108,"column":0},"end":{"line":108,"column":19}},"108":{"start":{"line":109,"column":0},"end":{"line":109,"column":19}},"109":{"start":{"line":110,"column":0},"end":{"line":110,"column":14}},"110":{"start":{"line":111,"column":0},"end":{"line":111,"column":17}},"111":{"start":{"line":112,"column":0},"end":{"line":112,"column":21}},"112":{"start":{"line":113,"column":0},"end":{"line":113,"column":4}},"113":{"start":{"line":114,"column":0},"end":{"line":114,"column":0}},"114":{"start":{"line":115,"column":0},"end":{"line":115,"column":10}},"115":{"start":{"line":116,"column":0},"end":{"line":116,"column":40}},"116":{"start":{"line":117,"column":0},"end":{"line":117,"column":16}},"117":{"start":{"line":118,"column":0},"end":{"line":118,"column":27}},"118":{"start":{"line":119,"column":0},"end":{"line":119,"column":4}},"119":{"start":{"line":120,"column":0},"end":{"line":120,"column":2}},"120":{"start":{"line":121,"column":0},"end":{"line":121,"column":0}},"121":{"start":{"line":122,"column":0},"end":{"line":122,"column":30}},"122":{"start":{"line":123,"column":0},"end":{"line":123,"column":42}},"123":{"start":{"line":124,"column":0},"end":{"line":124,"column":17}},"124":{"start":{"line":125,"column":0},"end":{"line":125,"column":66}},"125":{"start":{"line":126,"column":0},"end":{"line":126,"column":3}},"126":{"start":{"line":127,"column":0},"end":{"line":127,"column":17}},"127":{"start":{"line":128,"column":0},"end":{"line":128,"column":2}}},"s":{"0":1,"1":1,"2":1,"3":1,"4":1,"5":27,"6":27,"7":7,"8":7,"9":1,"10":1,"11":1,"12":1,"13":1,"14":0,"15":1,"16":1,"17":1,"18":6,"19":6,"20":6,"21":6,"22":27,"23":27,"24":1,"25":1,"26":1,"27":1,"28":27,"29":27,"30":1,"31":1,"32":1,"33":1,"34":1,"35":0,"36":1,"37":1,"38":27,"39":27,"40":1,"41":1,"42":1,"43":1,"44":27,"45":27,"46":17,"47":17,"48":17,"49":17,"50":27,"51":27,"52":0,"53":27,"54":0,"55":1,"56":1,"57":1,"58":1,"59":1,"60":1,"61":56,"62":56,"63":56,"64":56,"65":28,"66":28,"67":17,"68":17,"69":56,"70":56,"71":56,"72":56,"73":55,"74":56,"75":56,"76":56,"77":7,"78":7,"79":56,"80":56,"81":1,"82":1,"83":56,"84":56,"85":1,"86":0,"87":1,"88":1,"89":1,"90":1,"91":56,"92":56,"93":1,"94":1,"95":56,"96":56,"97":17,"98":17,"99":56,"100":56,"101":28,"102":28,"103":56,"104":56,"105":56,"106":56,"107":56,"108":56,"109":56,"110":56,"111":56,"112":56,"113":56,"114":56,"115":56,"116":56,"117":56,"118":56,"119":56,"120":1,"121":1,"122":46,"123":46,"124":0,"125":0,"126":46,"127":46},"branchMap":{"0":{"type":"branch","line":5,"loc":{"start":{"line":5,"column":20},"end":{"line":55,"column":2}},"locations":[{"start":{"line":5,"column":20},"end":{"line":55,"column":2}}]},"1":{"type":"branch","line":7,"loc":{"start":{"line":7,"column":4},"end":{"line":22,"column":8}},"locations":[{"start":{"line":7,"column":4},"end":{"line":22,"column":8}}]},"2":{"type":"branch","line":9,"loc":{"start":{"line":9,"column":24},"end":{"line":18,"column":7}},"locations":[{"start":{"line":9,"column":24},"end":{"line":18,"column":7}}]},"3":{"type":"branch","line":18,"loc":{"start":{"line":18,"column":6},"end":{"line":22,"column":8}},"locations":[{"start":{"line":18,"column":6},"end":{"line":22,"column":8}}]},"4":{"type":"branch","line":24,"loc":{"start":{"line":24,"column":4},"end":{"line":28,"column":8}},"locations":[{"start":{"line":24,"column":4},"end":{"line":28,"column":8}}]},"5":{"type":"branch","line":30,"loc":{"start":{"line":30,"column":4},"end":{"line":38,"column":8}},"locations":[{"start":{"line":30,"column":4},"end":{"line":38,"column":8}}]},"6":{"type":"branch","line":40,"loc":{"start":{"line":40,"column":4},"end":{"line":44,"column":8}},"locations":[{"start":{"line":40,"column":4},"end":{"line":44,"column":8}}]},"7":{"type":"branch","line":46,"loc":{"start":{"line":46,"column":4},"end":{"line":50,"column":8}},"locations":[{"start":{"line":46,"column":4},"end":{"line":50,"column":8}}]},"8":{"type":"branch","line":52,"loc":{"start":{"line":52,"column":4},"end":{"line":53,"column":19}},"locations":[{"start":{"line":52,"column":4},"end":{"line":53,"column":19}}]},"9":{"type":"branch","line":54,"loc":{"start":{"line":54,"column":2},"end":{"line":55,"column":2}},"locations":[{"start":{"line":54,"column":2},"end":{"line":55,"column":2}}]},"10":{"type":"branch","line":8,"loc":{"start":{"line":8,"column":44},"end":{"line":8,"column":81}},"locations":[{"start":{"line":8,"column":44},"end":{"line":8,"column":81}}]},"11":{"type":"branch","line":12,"loc":{"start":{"line":12,"column":33},"end":{"line":15,"column":20}},"locations":[{"start":{"line":12,"column":33},"end":{"line":15,"column":20}}]},"12":{"type":"branch","line":14,"loc":{"start":{"line":14,"column":55},"end":{"line":15,"column":20}},"locations":[{"start":{"line":14,"column":55},"end":{"line":15,"column":20}}]},"13":{"type":"branch","line":27,"loc":{"start":{"line":27,"column":34},"end":{"line":27,"column":68}},"locations":[{"start":{"line":27,"column":34},"end":{"line":27,"column":68}}]},"14":{"type":"branch","line":33,"loc":{"start":{"line":33,"column":31},"end":{"line":36,"column":18}},"locations":[{"start":{"line":33,"column":31},"end":{"line":36,"column":18}}]},"15":{"type":"branch","line":35,"loc":{"start":{"line":35,"column":59},"end":{"line":36,"column":18}},"locations":[{"start":{"line":35,"column":59},"end":{"line":36,"column":18}}]},"16":{"type":"branch","line":61,"loc":{"start":{"line":61,"column":28},"end":{"line":120,"column":2}},"locations":[{"start":{"line":61,"column":28},"end":{"line":120,"column":2}}]},"17":{"type":"branch","line":65,"loc":{"start":{"line":65,"column":12},"end":{"line":70,"column":5}},"locations":[{"start":{"line":65,"column":12},"end":{"line":70,"column":5}}]},"18":{"type":"branch","line":67,"loc":{"start":{"line":67,"column":19},"end":{"line":69,"column":5}},"locations":[{"start":{"line":67,"column":19},"end":{"line":69,"column":5}}]},"19":{"type":"branch","line":73,"loc":{"start":{"line":73,"column":12},"end":{"line":75,"column":5}},"locations":[{"start":{"line":73,"column":12},"end":{"line":75,"column":5}}]},"20":{"type":"branch","line":77,"loc":{"start":{"line":77,"column":20},"end":{"line":79,"column":4}},"locations":[{"start":{"line":77,"column":20},"end":{"line":79,"column":4}}]},"21":{"type":"branch","line":81,"loc":{"start":{"line":81,"column":25},"end":{"line":83,"column":4}},"locations":[{"start":{"line":81,"column":25},"end":{"line":83,"column":4}}]},"22":{"type":"branch","line":85,"loc":{"start":{"line":85,"column":25},"end":{"line":91,"column":4}},"locations":[{"start":{"line":85,"column":25},"end":{"line":91,"column":4}}]},"23":{"type":"branch","line":86,"loc":{"start":{"line":86,"column":23},"end":{"line":88,"column":11}},"locations":[{"start":{"line":86,"column":23},"end":{"line":88,"column":11}}]},"24":{"type":"branch","line":93,"loc":{"start":{"line":93,"column":20},"end":{"line":95,"column":4}},"locations":[{"start":{"line":93,"column":20},"end":{"line":95,"column":4}}]},"25":{"type":"branch","line":97,"loc":{"start":{"line":97,"column":23},"end":{"line":99,"column":4}},"locations":[{"start":{"line":97,"column":23},"end":{"line":99,"column":4}}]},"26":{"type":"branch","line":98,"loc":{"start":{"line":98,"column":30},"end":{"line":98,"column":85}},"locations":[{"start":{"line":98,"column":30},"end":{"line":98,"column":85}}]},"27":{"type":"branch","line":101,"loc":{"start":{"line":101,"column":28},"end":{"line":103,"column":4}},"locations":[{"start":{"line":101,"column":28},"end":{"line":103,"column":4}}]},"28":{"type":"branch","line":102,"loc":{"start":{"line":102,"column":30},"end":{"line":102,"column":70}},"locations":[{"start":{"line":102,"column":30},"end":{"line":102,"column":70}}]},"29":{"type":"branch","line":122,"loc":{"start":{"line":122,"column":23},"end":{"line":128,"column":2}},"locations":[{"start":{"line":122,"column":23},"end":{"line":128,"column":2}}]},"30":{"type":"branch","line":124,"loc":{"start":{"line":124,"column":16},"end":{"line":126,"column":3}},"locations":[{"start":{"line":124,"column":16},"end":{"line":126,"column":3}}]}},"b":{"0":[27],"1":[7],"2":[1],"3":[6],"4":[1],"5":[1],"6":[1],"7":[17],"8":[0],"9":[0],"10":[1],"11":[1],"12":[0],"13":[1],"14":[1],"15":[0],"16":[56],"17":[28],"18":[17],"19":[55],"20":[7],"21":[1],"22":[1],"23":[0],"24":[1],"25":[17],"26":[8],"27":[28],"28":[8],"29":[46],"30":[0]},"fnMap":{"0":{"name":"cartReducer","decl":{"start":{"line":5,"column":20},"end":{"line":55,"column":2}},"loc":{"start":{"line":5,"column":20},"end":{"line":55,"column":2}},"line":5},"1":{"name":"CartProvider","decl":{"start":{"line":61,"column":28},"end":{"line":120,"column":2}},"loc":{"start":{"line":61,"column":28},"end":{"line":120,"column":2}},"line":61},"2":{"name":"addToCart","decl":{"start":{"line":77,"column":20},"end":{"line":79,"column":4}},"loc":{"start":{"line":77,"column":20},"end":{"line":79,"column":4}},"line":77},"3":{"name":"removeFromCart","decl":{"start":{"line":81,"column":25},"end":{"line":83,"column":4}},"loc":{"start":{"line":81,"column":25},"end":{"line":83,"column":4}},"line":81},"4":{"name":"updateQuantity","decl":{"start":{"line":85,"column":25},"end":{"line":91,"column":4}},"loc":{"start":{"line":85,"column":25},"end":{"line":91,"column":4}},"line":85},"5":{"name":"clearCart","decl":{"start":{"line":93,"column":20},"end":{"line":95,"column":4}},"loc":{"start":{"line":93,"column":20},"end":{"line":95,"column":4}},"line":93},"6":{"name":"getCartTotal","decl":{"start":{"line":97,"column":23},"end":{"line":99,"column":4}},"loc":{"start":{"line":97,"column":23},"end":{"line":99,"column":4}},"line":97},"7":{"name":"getCartItemsCount","decl":{"start":{"line":101,"column":28},"end":{"line":103,"column":4}},"loc":{"start":{"line":101,"column":28},"end":{"line":103,"column":4}},"line":101},"8":{"name":"useCart","decl":{"start":{"line":122,"column":23},"end":{"line":128,"column":2}},"loc":{"start":{"line":122,"column":23},"end":{"line":128,"column":2}},"line":122}},"f":{"0":27,"1":56,"2":7,"3":1,"4":1,"5":1,"6":17,"7":28,"8":46}}
,"/Users/sannyk/poc/ecommerce-frontend/src/pages/Cart.jsx": {"path":"/Users/sannyk/poc/ecommerce-frontend/src/pages/Cart.jsx","all":false,"statementMap":{"0":{"start":{"line":1,"column":0},"end":{"line":1,"column":26}},"1":{"start":{"line":2,"column":0},"end":{"line":2,"column":40}},"2":{"start":{"line":3,"column":0},"end":{"line":3,"column":76}},"3":{"start":{"line":4,"column":0},"end":{"line":4,"column":49}},"4":{"start":{"line":5,"column":0},"end":{"line":5,"column":0}},"5":{"start":{"line":6,"column":0},"end":{"line":6,"column":20}},"6":{"start":{"line":7,"column":0},"end":{"line":7,"column":10}},"7":{"start":{"line":8,"column":0},"end":{"line":8,"column":11}},"8":{"start":{"line":9,"column":0},"end":{"line":9,"column":20}},"9":{"start":{"line":10,"column":0},"end":{"line":10,"column":20}},"10":{"start":{"line":11,"column":0},"end":{"line":11,"column":15}},"11":{"start":{"line":12,"column":0},"end":{"line":12,"column":18}},"12":{"start":{"line":13,"column":0},"end":{"line":13,"column":22}},"13":{"start":{"line":14,"column":0},"end":{"line":14,"column":16}},"14":{"start":{"line":15,"column":0},"end":{"line":15,"column":0}},"15":{"start":{"line":16,"column":0},"end":{"line":16,"column":34}},"16":{"start":{"line":17,"column":0},"end":{"line":17,"column":43}},"17":{"start":{"line":18,"column":0},"end":{"line":18,"column":24}},"18":{"start":{"line":19,"column":0},"end":{"line":19,"column":21}},"19":{"start":{"line":20,"column":0},"end":{"line":20,"column":21}},"20":{"start":{"line":21,"column":0},"end":{"line":21,"column":4}},"21":{"start":{"line":22,"column":0},"end":{"line":22,"column":0}},"22":{"start":{"line":23,"column":0},"end":{"line":23,"column":72}},"23":{"start":{"line":24,"column":0},"end":{"line":24,"column":49}},"24":{"start":{"line":25,"column":0},"end":{"line":25,"column":27}},"25":{"start":{"line":26,"column":0},"end":{"line":26,"column":32}},"26":{"start":{"line":27,"column":0},"end":{"line":27,"column":12}},"27":{"start":{"line":28,"column":0},"end":{"line":28,"column":45}},"28":{"start":{"line":29,"column":0},"end":{"line":29,"column":5}},"29":{"start":{"line":30,"column":0},"end":{"line":30,"column":4}},"30":{"start":{"line":31,"column":0},"end":{"line":31,"column":0}},"31":{"start":{"line":32,"column":0},"end":{"line":32,"column":32}},"32":{"start":{"line":33,"column":0},"end":{"line":33,"column":63}},"33":{"start":{"line":34,"column":0},"end":{"line":34,"column":63}},"34":{"start":{"line":35,"column":0},"end":{"line":35,"column":4}},"35":{"start":{"line":36,"column":0},"end":{"line":36,"column":0}},"36":{"start":{"line":37,"column":0},"end":{"line":37,"column":27}},"37":{"start":{"line":38,"column":0},"end":{"line":38,"column":12}},"38":{"start":{"line":39,"column":0},"end":{"line":39,"column":59}},"39":{"start":{"line":40,"column":0},"end":{"line":40,"column":73}},"40":{"start":{"line":41,"column":0},"end":{"line":41,"column":85}},"41":{"start":{"line":42,"column":0},"end":{"line":42,"column":42}},"42":{"start":{"line":43,"column":0},"end":{"line":43,"column":66}},"43":{"start":{"line":44,"column":0},"end":{"line":44,"column":12}},"44":{"start":{"line":45,"column":0},"end":{"line":45,"column":80}},"45":{"start":{"line":46,"column":0},"end":{"line":46,"column":33}},"46":{"start":{"line":47,"column":0},"end":{"line":47,"column":40}},"47":{"start":{"line":48,"column":0},"end":{"line":48,"column":15}},"48":{"start":{"line":49,"column":0},"end":{"line":49,"column":12}},"49":{"start":{"line":50,"column":0},"end":{"line":50,"column":6}},"50":{"start":{"line":51,"column":0},"end":{"line":51,"column":3}},"51":{"start":{"line":52,"column":0},"end":{"line":52,"column":0}},"52":{"start":{"line":53,"column":0},"end":{"line":53,"column":10}},"53":{"start":{"line":54,"column":0},"end":{"line":54,"column":39}},"54":{"start":{"line":55,"column":0},"end":{"line":55,"column":20}},"55":{"start":{"line":56,"column":0},"end":{"line":56,"column":62}},"56":{"start":{"line":57,"column":0},"end":{"line":57,"column":13}},"57":{"start":{"line":58,"column":0},"end":{"line":58,"column":77}},"58":{"start":{"line":59,"column":0},"end":{"line":59,"column":44}},"59":{"start":{"line":60,"column":0},"end":{"line":60,"column":93}},"60":{"start":{"line":61,"column":0},"end":{"line":61,"column":14}},"61":{"start":{"line":62,"column":0},"end":{"line":62,"column":14}},"62":{"start":{"line":63,"column":0},"end":{"line":63,"column":13}},"63":{"start":{"line":64,"column":0},"end":{"line":64,"column":16}},"64":{"start":{"line":65,"column":0},"end":{"line":65,"column":70}},"65":{"start":{"line":66,"column":0},"end":{"line":66,"column":9}},"66":{"start":{"line":67,"column":0},"end":{"line":67,"column":33}},"67":{"start":{"line":68,"column":0},"end":{"line":68,"column":40}},"68":{"start":{"line":69,"column":0},"end":{"line":69,"column":15}},"69":{"start":{"line":70,"column":0},"end":{"line":70,"column":12}},"70":{"start":{"line":71,"column":0},"end":{"line":71,"column":0}},"71":{"start":{"line":72,"column":0},"end":{"line":72,"column":61}},"72":{"start":{"line":73,"column":0},"end":{"line":73,"column":26}},"73":{"start":{"line":74,"column":0},"end":{"line":74,"column":49}},"74":{"start":{"line":75,"column":0},"end":{"line":75,"column":57}},"75":{"start":{"line":76,"column":0},"end":{"line":76,"column":58}},"76":{"start":{"line":77,"column":0},"end":{"line":77,"column":65}},"77":{"start":{"line":78,"column":0},"end":{"line":78,"column":83}},"78":{"start":{"line":79,"column":0},"end":{"line":79,"column":23}},"79":{"start":{"line":80,"column":0},"end":{"line":80,"column":37}},"80":{"start":{"line":81,"column":0},"end":{"line":81,"column":81}},"81":{"start":{"line":82,"column":0},"end":{"line":82,"column":17}},"82":{"start":{"line":83,"column":0},"end":{"line":83,"column":27}},"83":{"start":{"line":84,"column":0},"end":{"line":84,"column":25}},"84":{"start":{"line":85,"column":0},"end":{"line":85,"column":20}},"85":{"start":{"line":86,"column":0},"end":{"line":86,"column":18}},"86":{"start":{"line":87,"column":0},"end":{"line":87,"column":12}},"87":{"start":{"line":88,"column":0},"end":{"line":88,"column":54}},"88":{"start":{"line":89,"column":0},"end":{"line":89,"column":36}},"89":{"start":{"line":90,"column":0},"end":{"line":90,"column":51}},"90":{"start":{"line":91,"column":0},"end":{"line":91,"column":67}},"91":{"start":{"line":92,"column":0},"end":{"line":92,"column":41}},"92":{"start":{"line":93,"column":0},"end":{"line":93,"column":51}},"93":{"start":{"line":94,"column":0},"end":{"line":94,"column":55}},"94":{"start":{"line":95,"column":0},"end":{"line":95,"column":28}},"95":{"start":{"line":96,"column":0},"end":{"line":96,"column":42}},"96":{"start":{"line":97,"column":0},"end":{"line":97,"column":42}},"97":{"start":{"line":98,"column":0},"end":{"line":98,"column":127}},"98":{"start":{"line":99,"column":0},"end":{"line":99,"column":26}},"99":{"start":{"line":100,"column":0},"end":{"line":100,"column":29}},"100":{"start":{"line":101,"column":0},"end":{"line":101,"column":26}},"101":{"start":{"line":102,"column":0},"end":{"line":102,"column":0}},"102":{"start":{"line":103,"column":0},"end":{"line":103,"column":43}},"103":{"start":{"line":104,"column":0},"end":{"line":104,"column":47}},"104":{"start":{"line":105,"column":0},"end":{"line":105,"column":84}},"105":{"start":{"line":106,"column":0},"end":{"line":106,"column":51}},"106":{"start":{"line":107,"column":0},"end":{"line":107,"column":31}},"107":{"start":{"line":108,"column":0},"end":{"line":108,"column":54}},"108":{"start":{"line":109,"column":0},"end":{"line":109,"column":116}},"109":{"start":{"line":110,"column":0},"end":{"line":110,"column":27}},"110":{"start":{"line":111,"column":0},"end":{"line":111,"column":40}},"111":{"start":{"line":112,"column":0},"end":{"line":112,"column":33}},"112":{"start":{"line":113,"column":0},"end":{"line":113,"column":79}},"113":{"start":{"line":114,"column":0},"end":{"line":114,"column":43}},"114":{"start":{"line":115,"column":0},"end":{"line":115,"column":30}},"115":{"start":{"line":116,"column":0},"end":{"line":116,"column":81}},"116":{"start":{"line":117,"column":0},"end":{"line":117,"column":53}},"117":{"start":{"line":118,"column":0},"end":{"line":118,"column":30}},"118":{"start":{"line":119,"column":0},"end":{"line":119,"column":30}},"119":{"start":{"line":120,"column":0},"end":{"line":120,"column":0}},"120":{"start":{"line":121,"column":0},"end":{"line":121,"column":49}},"121":{"start":{"line":122,"column":0},"end":{"line":122,"column":138}},"122":{"start":{"line":123,"column":0},"end":{"line":123,"column":71}},"123":{"start":{"line":124,"column":0},"end":{"line":124,"column":35}},"124":{"start":{"line":125,"column":0},"end":{"line":125,"column":94}},"125":{"start":{"line":126,"column":0},"end":{"line":126,"column":96}},"126":{"start":{"line":127,"column":0},"end":{"line":127,"column":29}},"127":{"start":{"line":128,"column":0},"end":{"line":128,"column":49}},"128":{"start":{"line":129,"column":0},"end":{"line":129,"column":37}},"129":{"start":{"line":130,"column":0},"end":{"line":130,"column":88}},"130":{"start":{"line":131,"column":0},"end":{"line":131,"column":45}},"131":{"start":{"line":132,"column":0},"end":{"line":132,"column":35}},"132":{"start":{"line":133,"column":0},"end":{"line":133,"column":35}},"133":{"start":{"line":134,"column":0},"end":{"line":134,"column":93}},"134":{"start":{"line":135,"column":0},"end":{"line":135,"column":96}},"135":{"start":{"line":136,"column":0},"end":{"line":136,"column":29}},"136":{"start":{"line":137,"column":0},"end":{"line":137,"column":48}},"137":{"start":{"line":138,"column":0},"end":{"line":138,"column":37}},"138":{"start":{"line":139,"column":0},"end":{"line":139,"column":32}},"139":{"start":{"line":140,"column":0},"end":{"line":140,"column":26}},"140":{"start":{"line":141,"column":0},"end":{"line":141,"column":33}},"141":{"start":{"line":142,"column":0},"end":{"line":142,"column":67}},"142":{"start":{"line":143,"column":0},"end":{"line":143,"column":75}},"143":{"start":{"line":144,"column":0},"end":{"line":144,"column":47}},"144":{"start":{"line":145,"column":0},"end":{"line":145,"column":27}},"145":{"start":{"line":146,"column":0},"end":{"line":146,"column":48}},"146":{"start":{"line":147,"column":0},"end":{"line":147,"column":35}},"147":{"start":{"line":148,"column":0},"end":{"line":148,"column":30}},"148":{"start":{"line":149,"column":0},"end":{"line":149,"column":28}},"149":{"start":{"line":150,"column":0},"end":{"line":150,"column":0}},"150":{"start":{"line":151,"column":0},"end":{"line":151,"column":40}},"151":{"start":{"line":152,"column":0},"end":{"line":152,"column":74}},"152":{"start":{"line":153,"column":0},"end":{"line":153,"column":75}},"153":{"start":{"line":154,"column":0},"end":{"line":154,"column":66}},"154":{"start":{"line":155,"column":0},"end":{"line":155,"column":71}},"155":{"start":{"line":156,"column":0},"end":{"line":156,"column":33}},"156":{"start":{"line":157,"column":0},"end":{"line":157,"column":76}},"157":{"start":{"line":158,"column":0},"end":{"line":158,"column":69}},"158":{"start":{"line":159,"column":0},"end":{"line":159,"column":33}},"159":{"start":{"line":160,"column":0},"end":{"line":160,"column":30}},"160":{"start":{"line":161,"column":0},"end":{"line":161,"column":28}},"161":{"start":{"line":162,"column":0},"end":{"line":162,"column":26}},"162":{"start":{"line":163,"column":0},"end":{"line":163,"column":24}},"163":{"start":{"line":164,"column":0},"end":{"line":164,"column":22}},"164":{"start":{"line":165,"column":0},"end":{"line":165,"column":17}},"165":{"start":{"line":166,"column":0},"end":{"line":166,"column":18}},"166":{"start":{"line":167,"column":0},"end":{"line":167,"column":16}},"167":{"start":{"line":168,"column":0},"end":{"line":168,"column":14}},"168":{"start":{"line":169,"column":0},"end":{"line":169,"column":0}},"169":{"start":{"line":170,"column":0},"end":{"line":170,"column":29}},"170":{"start":{"line":171,"column":0},"end":{"line":171,"column":39}},"171":{"start":{"line":172,"column":0},"end":{"line":172,"column":71}},"172":{"start":{"line":173,"column":0},"end":{"line":173,"column":33}},"173":{"start":{"line":174,"column":0},"end":{"line":174,"column":89}},"174":{"start":{"line":175,"column":0},"end":{"line":175,"column":14}},"175":{"start":{"line":176,"column":0},"end":{"line":176,"column":46}},"176":{"start":{"line":177,"column":0},"end":{"line":177,"column":54}},"177":{"start":{"line":178,"column":0},"end":{"line":178,"column":65}},"178":{"start":{"line":179,"column":0},"end":{"line":179,"column":86}},"179":{"start":{"line":180,"column":0},"end":{"line":180,"column":22}},"180":{"start":{"line":181,"column":0},"end":{"line":181,"column":54}},"181":{"start":{"line":182,"column":0},"end":{"line":182,"column":65}},"182":{"start":{"line":183,"column":0},"end":{"line":183,"column":76}},"183":{"start":{"line":184,"column":0},"end":{"line":184,"column":22}},"184":{"start":{"line":185,"column":0},"end":{"line":185,"column":54}},"185":{"start":{"line":186,"column":0},"end":{"line":186,"column":60}},"186":{"start":{"line":187,"column":0},"end":{"line":187,"column":93}},"187":{"start":{"line":188,"column":0},"end":{"line":188,"column":22}},"188":{"start":{"line":189,"column":0},"end":{"line":189,"column":47}},"189":{"start":{"line":190,"column":0},"end":{"line":190,"column":56}},"190":{"start":{"line":191,"column":0},"end":{"line":191,"column":86}},"191":{"start":{"line":192,"column":0},"end":{"line":192,"column":73}},"192":{"start":{"line":193,"column":0},"end":{"line":193,"column":58}},"193":{"start":{"line":194,"column":0},"end":{"line":194,"column":27}},"194":{"start":{"line":195,"column":0},"end":{"line":195,"column":24}},"195":{"start":{"line":196,"column":0},"end":{"line":196,"column":22}},"196":{"start":{"line":197,"column":0},"end":{"line":197,"column":20}},"197":{"start":{"line":198,"column":0},"end":{"line":198,"column":0}},"198":{"start":{"line":199,"column":0},"end":{"line":199,"column":21}},"199":{"start":{"line":200,"column":0},"end":{"line":200,"column":40}},"200":{"start":{"line":201,"column":0},"end":{"line":201,"column":73}},"201":{"start":{"line":202,"column":0},"end":{"line":202,"column":15}},"202":{"start":{"line":203,"column":0},"end":{"line":203,"column":35}},"203":{"start":{"line":204,"column":0},"end":{"line":204,"column":23}},"204":{"start":{"line":205,"column":0},"end":{"line":205,"column":0}},"205":{"start":{"line":206,"column":0},"end":{"line":206,"column":48}},"206":{"start":{"line":207,"column":0},"end":{"line":207,"column":53}},"207":{"start":{"line":208,"column":0},"end":{"line":208,"column":50}},"208":{"start":{"line":209,"column":0},"end":{"line":209,"column":20}},"209":{"start":{"line":210,"column":0},"end":{"line":210,"column":20}},"210":{"start":{"line":211,"column":0},"end":{"line":211,"column":18}},"211":{"start":{"line":212,"column":0},"end":{"line":212,"column":16}},"212":{"start":{"line":213,"column":0},"end":{"line":213,"column":0}},"213":{"start":{"line":214,"column":0},"end":{"line":214,"column":35}},"214":{"start":{"line":215,"column":0},"end":{"line":215,"column":58}},"215":{"start":{"line":216,"column":0},"end":{"line":216,"column":81}},"216":{"start":{"line":217,"column":0},"end":{"line":217,"column":60}},"217":{"start":{"line":218,"column":0},"end":{"line":218,"column":46}},"218":{"start":{"line":219,"column":0},"end":{"line":219,"column":45}},"219":{"start":{"line":220,"column":0},"end":{"line":220,"column":45}},"220":{"start":{"line":221,"column":0},"end":{"line":221,"column":17}},"221":{"start":{"line":222,"column":0},"end":{"line":222,"column":16}},"222":{"start":{"line":223,"column":0},"end":{"line":223,"column":14}},"223":{"start":{"line":224,"column":0},"end":{"line":224,"column":12}},"224":{"start":{"line":225,"column":0},"end":{"line":225,"column":10}},"225":{"start":{"line":226,"column":0},"end":{"line":226,"column":4}},"226":{"start":{"line":227,"column":0},"end":{"line":227,"column":2}},"227":{"start":{"line":228,"column":0},"end":{"line":228,"column":0}},"228":{"start":{"line":229,"column":0},"end":{"line":229,"column":20}}},"s":{"0":1,"1":1,"2":1,"3":1,"4":1,"5":1,"6":7,"7":7,"8":7,"9":7,"10":7,"11":7,"12":7,"13":7,"14":7,"15":7,"16":0,"17":0,"18":0,"19":0,"20":0,"21":7,"22":7,"23":0,"24":0,"25":0,"26":0,"27":0,"28":0,"29":0,"30":7,"31":7,"32":0,"33":0,"34":0,"35":7,"36":7,"37":7,"38":7,"39":7,"40":7,"41":7,"42":7,"43":7,"44":7,"45":7,"46":7,"47":7,"48":7,"49":7,"50":7,"51":0,"52":0,"53":0,"54":0,"55":0,"56":0,"57":0,"58":0,"59":7,"60":7,"61":7,"62":7,"63":7,"64":7,"65":7,"66":7,"67":7,"68":7,"69":7,"70":7,"71":7,"72":7,"73":7,"74":7,"75":7,"76":7,"77":7,"78":7,"79":7,"80":7,"81":7,"82":7,"83":7,"84":7,"85":7,"86":7,"87":7,"88":7,"89":0,"90":0,"91":0,"92":0,"93":0,"94":0,"95":0,"96":0,"97":0,"98":0,"99":0,"100":0,"101":0,"102":0,"103":0,"104":0,"105":0,"106":0,"107":0,"108":0,"109":0,"110":0,"111":0,"112":0,"113":0,"114":0,"115":0,"116":0,"117":0,"118":0,"119":0,"120":0,"121":0,"122":0,"123":0,"124":0,"125":0,"126":0,"127":0,"128":0,"129":0,"130":0,"131":0,"132":0,"133":0,"134":0,"135":0,"136":0,"137":0,"138":0,"139":0,"140":0,"141":0,"142":0,"143":0,"144":0,"145":0,"146":0,"147":0,"148":0,"149":0,"150":0,"151":0,"152":0,"153":0,"154":0,"155":0,"156":0,"157":0,"158":0,"159":0,"160":0,"161":0,"162":0,"163":0,"164":7,"165":7,"166":7,"167":7,"168":7,"169":7,"170":7,"171":7,"172":7,"173":7,"174":7,"175":7,"176":7,"177":7,"178":7,"179":7,"180":7,"181":7,"182":7,"183":7,"184":7,"185":7,"186":7,"187":7,"188":7,"189":7,"190":7,"191":7,"192":7,"193":7,"194":7,"195":7,"196":7,"197":7,"198":7,"199":7,"200":7,"201":7,"202":7,"203":7,"204":7,"205":7,"206":7,"207":7,"208":7,"209":7,"210":7,"211":7,"212":7,"213":7,"214":7,"215":7,"216":7,"217":7,"218":7,"219":7,"220":7,"221":7,"222":7,"223":7,"224":7,"225":7,"226":7,"227":1,"228":1},"branchMap":{"0":{"type":"branch","line":6,"loc":{"start":{"line":6,"column":13},"end":{"line":227,"column":2}},"locations":[{"start":{"line":6,"column":13},"end":{"line":227,"column":2}}]},"1":{"type":"branch","line":51,"loc":{"start":{"line":51,"column":2},"end":{"line":60,"column":72}},"locations":[{"start":{"line":51,"column":2},"end":{"line":60,"column":72}}]},"2":{"type":"branch","line":60,"loc":{"start":{"line":60,"column":63},"end":{"line":60,"column":80}},"locations":[{"start":{"line":60,"column":63},"end":{"line":60,"column":80}}]}},"b":{"0":[7],"1":[0],"2":[0]},"fnMap":{"0":{"name":"Cart","decl":{"start":{"line":6,"column":13},"end":{"line":227,"column":2}},"loc":{"start":{"line":6,"column":13},"end":{"line":227,"column":2}},"line":6},"1":{"name":"formatPrice","decl":{"start":{"line":16,"column":22},"end":{"line":21,"column":4}},"loc":{"start":{"line":16,"column":22},"end":{"line":21,"column":4}},"line":16},"2":{"name":"handleQuantityChange","decl":{"start":{"line":23,"column":31},"end":{"line":30,"column":4}},"loc":{"start":{"line":23,"column":31},"end":{"line":30,"column":4}},"line":23},"3":{"name":"handleCheckout","decl":{"start":{"line":32,"column":25},"end":{"line":35,"column":4}},"loc":{"start":{"line":32,"column":25},"end":{"line":35,"column":4}},"line":32}},"f":{"0":7,"1":0,"2":0,"3":0}}
,"/Users/sannyk/poc/ecommerce-frontend/src/pages/ProductListing.jsx": {"path":"/Users/sannyk/poc/ecommerce-frontend/src/pages/ProductListing.jsx","all":false,"statementMap":{"0":{"start":{"line":1,"column":0},"end":{"line":1,"column":51}},"1":{"start":{"line":2,"column":0},"end":{"line":2,"column":40}},"2":{"start":{"line":3,"column":0},"end":{"line":3,"column":94}},"3":{"start":{"line":4,"column":0},"end":{"line":4,"column":46}},"4":{"start":{"line":5,"column":0},"end":{"line":5,"column":58}},"5":{"start":{"line":6,"column":0},"end":{"line":6,"column":52}},"6":{"start":{"line":7,"column":0},"end":{"line":7,"column":0}},"7":{"start":{"line":8,"column":0},"end":{"line":8,"column":30}},"8":{"start":{"line":9,"column":0},"end":{"line":9,"column":47}},"9":{"start":{"line":10,"column":0},"end":{"line":10,"column":63}},"10":{"start":{"line":11,"column":0},"end":{"line":11,"column":51}},"11":{"start":{"line":12,"column":0},"end":{"line":12,"column":47}},"12":{"start":{"line":13,"column":0},"end":{"line":13,"column":43}},"13":{"start":{"line":14,"column":0},"end":{"line":14,"column":51}},"14":{"start":{"line":15,"column":0},"end":{"line":15,"column":63}},"15":{"start":{"line":16,"column":0},"end":{"line":16,"column":47}},"16":{"start":{"line":17,"column":0},"end":{"line":17,"column":51}},"17":{"start":{"line":18,"column":0},"end":{"line":18,"column":56}},"18":{"start":{"line":19,"column":0},"end":{"line":19,"column":2}},"19":{"start":{"line":20,"column":0},"end":{"line":20,"column":21}},"20":{"start":{"line":21,"column":0},"end":{"line":21,"column":52}},"21":{"start":{"line":22,"column":0},"end":{"line":22,"column":65}},"22":{"start":{"line":23,"column":0},"end":{"line":23,"column":65}},"23":{"start":{"line":24,"column":0},"end":{"line":24,"column":0}},"24":{"start":{"line":25,"column":0},"end":{"line":25,"column":19}},"25":{"start":{"line":26,"column":0},"end":{"line":26,"column":16}},"26":{"start":{"line":27,"column":0},"end":{"line":27,"column":9}},"27":{"start":{"line":28,"column":0},"end":{"line":28,"column":0}},"28":{"start":{"line":29,"column":0},"end":{"line":29,"column":19}},"29":{"start":{"line":30,"column":0},"end":{"line":30,"column":28}},"30":{"start":{"line":31,"column":0},"end":{"line":31,"column":55}},"31":{"start":{"line":32,"column":0},"end":{"line":32,"column":0}},"32":{"start":{"line":33,"column":0},"end":{"line":33,"column":19}},"33":{"start":{"line":34,"column":0},"end":{"line":34,"column":23}},"34":{"start":{"line":35,"column":0},"end":{"line":35,"column":52}},"35":{"start":{"line":36,"column":0},"end":{"line":36,"column":0}},"36":{"start":{"line":37,"column":0},"end":{"line":37,"column":33}},"37":{"start":{"line":38,"column":0},"end":{"line":38,"column":9}},"38":{"start":{"line":39,"column":0},"end":{"line":39,"column":23}},"39":{"start":{"line":40,"column":0},"end":{"line":40,"column":64}},"40":{"start":{"line":41,"column":0},"end":{"line":41,"column":37}},"41":{"start":{"line":42,"column":0},"end":{"line":42,"column":35}},"42":{"start":{"line":43,"column":0},"end":{"line":43,"column":9}},"43":{"start":{"line":44,"column":0},"end":{"line":44,"column":32}},"44":{"start":{"line":45,"column":0},"end":{"line":45,"column":36}},"45":{"start":{"line":46,"column":0},"end":{"line":46,"column":19}},"46":{"start":{"line":47,"column":0},"end":{"line":47,"column":68}},"47":{"start":{"line":48,"column":0},"end":{"line":48,"column":49}},"48":{"start":{"line":49,"column":0},"end":{"line":49,"column":15}},"49":{"start":{"line":50,"column":0},"end":{"line":50,"column":24}},"50":{"start":{"line":51,"column":0},"end":{"line":51,"column":5}},"51":{"start":{"line":52,"column":0},"end":{"line":52,"column":4}},"52":{"start":{"line":53,"column":0},"end":{"line":53,"column":0}},"53":{"start":{"line":54,"column":0},"end":{"line":54,"column":39}},"54":{"start":{"line":55,"column":0},"end":{"line":55,"column":33}},"55":{"start":{"line":56,"column":0},"end":{"line":56,"column":0}},"56":{"start":{"line":57,"column":0},"end":{"line":57,"column":28}},"57":{"start":{"line":58,"column":0},"end":{"line":58,"column":21}},"58":{"start":{"line":59,"column":0},"end":{"line":59,"column":43}},"59":{"start":{"line":60,"column":0},"end":{"line":60,"column":73}},"60":{"start":{"line":61,"column":0},"end":{"line":61,"column":76}},"61":{"start":{"line":62,"column":0},"end":{"line":62,"column":8}},"62":{"start":{"line":63,"column":0},"end":{"line":63,"column":5}},"63":{"start":{"line":64,"column":0},"end":{"line":64,"column":0}},"64":{"start":{"line":65,"column":0},"end":{"line":65,"column":25}},"65":{"start":{"line":66,"column":0},"end":{"line":66,"column":27}},"66":{"start":{"line":67,"column":0},"end":{"line":67,"column":83}},"67":{"start":{"line":68,"column":0},"end":{"line":68,"column":5}},"68":{"start":{"line":69,"column":0},"end":{"line":69,"column":0}},"69":{"start":{"line":70,"column":0},"end":{"line":70,"column":20}},"70":{"start":{"line":71,"column":0},"end":{"line":71,"column":29}},"71":{"start":{"line":72,"column":0},"end":{"line":72,"column":23}},"72":{"start":{"line":73,"column":0},"end":{"line":73,"column":20}},"73":{"start":{"line":74,"column":0},"end":{"line":74,"column":48}},"74":{"start":{"line":75,"column":0},"end":{"line":75,"column":25}},"75":{"start":{"line":76,"column":0},"end":{"line":76,"column":35}},"76":{"start":{"line":77,"column":0},"end":{"line":77,"column":26}},"77":{"start":{"line":78,"column":0},"end":{"line":78,"column":35}},"78":{"start":{"line":79,"column":0},"end":{"line":79,"column":22}},"79":{"start":{"line":80,"column":0},"end":{"line":80,"column":47}},"80":{"start":{"line":81,"column":0},"end":{"line":81,"column":16}},"81":{"start":{"line":82,"column":0},"end":{"line":82,"column":19}},"82":{"start":{"line":83,"column":0},"end":{"line":83,"column":7}},"83":{"start":{"line":84,"column":0},"end":{"line":84,"column":7}},"84":{"start":{"line":85,"column":0},"end":{"line":85,"column":0}},"85":{"start":{"line":86,"column":0},"end":{"line":86,"column":34}},"86":{"start":{"line":87,"column":0},"end":{"line":87,"column":65}},"87":{"start":{"line":88,"column":0},"end":{"line":88,"column":4}},"88":{"start":{"line":89,"column":0},"end":{"line":89,"column":0}},"89":{"start":{"line":90,"column":0},"end":{"line":90,"column":34}},"90":{"start":{"line":91,"column":0},"end":{"line":91,"column":56}},"91":{"start":{"line":92,"column":0},"end":{"line":92,"column":47}},"92":{"start":{"line":93,"column":0},"end":{"line":93,"column":67}},"93":{"start":{"line":94,"column":0},"end":{"line":94,"column":36}},"94":{"start":{"line":95,"column":0},"end":{"line":95,"column":4}},"95":{"start":{"line":96,"column":0},"end":{"line":96,"column":0}},"96":{"start":{"line":97,"column":0},"end":{"line":97,"column":37}},"97":{"start":{"line":98,"column":0},"end":{"line":98,"column":34}},"98":{"start":{"line":99,"column":0},"end":{"line":99,"column":4}},"99":{"start":{"line":100,"column":0},"end":{"line":100,"column":0}},"100":{"start":{"line":101,"column":0},"end":{"line":101,"column":46}},"101":{"start":{"line":102,"column":0},"end":{"line":102,"column":34}},"102":{"start":{"line":103,"column":0},"end":{"line":103,"column":26}},"103":{"start":{"line":104,"column":0},"end":{"line":104,"column":4}},"104":{"start":{"line":105,"column":0},"end":{"line":105,"column":0}},"105":{"start":{"line":106,"column":0},"end":{"line":106,"column":30}},"106":{"start":{"line":107,"column":0},"end":{"line":107,"column":22}},"107":{"start":{"line":108,"column":0},"end":{"line":108,"column":28}},"108":{"start":{"line":109,"column":0},"end":{"line":109,"column":22}},"109":{"start":{"line":110,"column":0},"end":{"line":110,"column":4}},"110":{"start":{"line":111,"column":0},"end":{"line":111,"column":0}},"111":{"start":{"line":112,"column":0},"end":{"line":112,"column":32}},"112":{"start":{"line":113,"column":0},"end":{"line":113,"column":71}},"113":{"start":{"line":114,"column":0},"end":{"line":114,"column":57}},"114":{"start":{"line":115,"column":0},"end":{"line":115,"column":80}},"115":{"start":{"line":116,"column":0},"end":{"line":116,"column":0}},"116":{"start":{"line":117,"column":0},"end":{"line":117,"column":38}},"117":{"start":{"line":118,"column":0},"end":{"line":118,"column":25}},"118":{"start":{"line":119,"column":0},"end":{"line":119,"column":52}},"119":{"start":{"line":120,"column":0},"end":{"line":120,"column":4}},"120":{"start":{"line":121,"column":0},"end":{"line":121,"column":0}},"121":{"start":{"line":122,"column":0},"end":{"line":122,"column":32}},"122":{"start":{"line":123,"column":0},"end":{"line":123,"column":26}},"123":{"start":{"line":124,"column":0},"end":{"line":124,"column":40}},"124":{"start":{"line":125,"column":0},"end":{"line":125,"column":5}},"125":{"start":{"line":126,"column":0},"end":{"line":126,"column":4}},"126":{"start":{"line":127,"column":0},"end":{"line":127,"column":0}},"127":{"start":{"line":128,"column":0},"end":{"line":128,"column":32}},"128":{"start":{"line":129,"column":0},"end":{"line":129,"column":35}},"129":{"start":{"line":130,"column":0},"end":{"line":130,"column":40}},"130":{"start":{"line":131,"column":0},"end":{"line":131,"column":5}},"131":{"start":{"line":132,"column":0},"end":{"line":132,"column":4}},"132":{"start":{"line":133,"column":0},"end":{"line":133,"column":0}},"133":{"start":{"line":134,"column":0},"end":{"line":134,"column":16}},"134":{"start":{"line":135,"column":0},"end":{"line":135,"column":30}},"135":{"start":{"line":136,"column":0},"end":{"line":136,"column":3}},"136":{"start":{"line":137,"column":0},"end":{"line":137,"column":0}},"137":{"start":{"line":138,"column":0},"end":{"line":138,"column":14}},"138":{"start":{"line":139,"column":0},"end":{"line":139,"column":12}},"139":{"start":{"line":140,"column":0},"end":{"line":140,"column":41}},"140":{"start":{"line":141,"column":0},"end":{"line":141,"column":55}},"141":{"start":{"line":142,"column":0},"end":{"line":142,"column":15}},"142":{"start":{"line":143,"column":0},"end":{"line":143,"column":29}},"143":{"start":{"line":144,"column":0},"end":{"line":144,"column":38}},"144":{"start":{"line":145,"column":0},"end":{"line":145,"column":9}},"145":{"start":{"line":146,"column":0},"end":{"line":146,"column":19}},"146":{"start":{"line":147,"column":0},"end":{"line":147,"column":17}},"147":{"start":{"line":148,"column":0},"end":{"line":148,"column":12}},"148":{"start":{"line":149,"column":0},"end":{"line":149,"column":6}},"149":{"start":{"line":150,"column":0},"end":{"line":150,"column":3}},"150":{"start":{"line":151,"column":0},"end":{"line":151,"column":0}},"151":{"start":{"line":152,"column":0},"end":{"line":152,"column":10}},"152":{"start":{"line":153,"column":0},"end":{"line":153,"column":39}},"153":{"start":{"line":154,"column":0},"end":{"line":154,"column":20}},"154":{"start":{"line":155,"column":0},"end":{"line":155,"column":28}},"155":{"start":{"line":156,"column":0},"end":{"line":156,"column":75}},"156":{"start":{"line":157,"column":0},"end":{"line":157,"column":82}},"157":{"start":{"line":158,"column":0},"end":{"line":158,"column":12}},"158":{"start":{"line":159,"column":0},"end":{"line":159,"column":0}},"159":{"start":{"line":160,"column":0},"end":{"line":160,"column":37}},"160":{"start":{"line":161,"column":0},"end":{"line":161,"column":62}},"161":{"start":{"line":162,"column":0},"end":{"line":162,"column":34}},"162":{"start":{"line":163,"column":0},"end":{"line":163,"column":107}},"163":{"start":{"line":164,"column":0},"end":{"line":164,"column":16}},"164":{"start":{"line":165,"column":0},"end":{"line":165,"column":23}},"165":{"start":{"line":166,"column":0},"end":{"line":166,"column":67}},"166":{"start":{"line":167,"column":0},"end":{"line":167,"column":30}},"167":{"start":{"line":168,"column":0},"end":{"line":168,"column":41}},"168":{"start":{"line":169,"column":0},"end":{"line":169,"column":169}},"169":{"start":{"line":170,"column":0},"end":{"line":170,"column":12}},"170":{"start":{"line":171,"column":0},"end":{"line":171,"column":26}},"171":{"start":{"line":172,"column":0},"end":{"line":172,"column":19}},"172":{"start":{"line":173,"column":0},"end":{"line":173,"column":47}},"173":{"start":{"line":174,"column":0},"end":{"line":174,"column":129}},"174":{"start":{"line":175,"column":0},"end":{"line":175,"column":34}},"175":{"start":{"line":176,"column":0},"end":{"line":176,"column":13}},"176":{"start":{"line":177,"column":0},"end":{"line":177,"column":29}},"177":{"start":{"line":178,"column":0},"end":{"line":178,"column":21}},"178":{"start":{"line":179,"column":0},"end":{"line":179,"column":12}},"179":{"start":{"line":180,"column":0},"end":{"line":180,"column":14}},"180":{"start":{"line":181,"column":0},"end":{"line":181,"column":12}},"181":{"start":{"line":182,"column":0},"end":{"line":182,"column":0}},"182":{"start":{"line":183,"column":0},"end":{"line":183,"column":21}},"183":{"start":{"line":184,"column":0},"end":{"line":184,"column":62}},"184":{"start":{"line":185,"column":0},"end":{"line":185,"column":57}},"185":{"start":{"line":186,"column":0},"end":{"line":186,"column":0}},"186":{"start":{"line":187,"column":0},"end":{"line":187,"column":33}},"187":{"start":{"line":188,"column":0},"end":{"line":188,"column":36}},"188":{"start":{"line":189,"column":0},"end":{"line":189,"column":19}},"189":{"start":{"line":190,"column":0},"end":{"line":190,"column":58}},"190":{"start":{"line":191,"column":0},"end":{"line":191,"column":77}},"191":{"start":{"line":192,"column":0},"end":{"line":192,"column":13}},"192":{"start":{"line":193,"column":0},"end":{"line":193,"column":34}},"193":{"start":{"line":194,"column":0},"end":{"line":194,"column":34}},"194":{"start":{"line":195,"column":0},"end":{"line":195,"column":21}},"195":{"start":{"line":196,"column":0},"end":{"line":196,"column":12}},"196":{"start":{"line":197,"column":0},"end":{"line":197,"column":19}},"197":{"start":{"line":198,"column":0},"end":{"line":198,"column":38}},"198":{"start":{"line":199,"column":0},"end":{"line":199,"column":67}},"199":{"start":{"line":200,"column":0},"end":{"line":200,"column":62}},"200":{"start":{"line":201,"column":0},"end":{"line":201,"column":13}},"201":{"start":{"line":202,"column":0},"end":{"line":202,"column":54}},"202":{"start":{"line":203,"column":0},"end":{"line":203,"column":43}},"203":{"start":{"line":204,"column":0},"end":{"line":204,"column":56}},"204":{"start":{"line":205,"column":0},"end":{"line":205,"column":72}},"205":{"start":{"line":206,"column":0},"end":{"line":206,"column":25}},"206":{"start":{"line":207,"column":0},"end":{"line":207,"column":17}},"207":{"start":{"line":208,"column":0},"end":{"line":208,"column":21}},"208":{"start":{"line":209,"column":0},"end":{"line":209,"column":16}},"209":{"start":{"line":210,"column":0},"end":{"line":210,"column":0}},"210":{"start":{"line":211,"column":0},"end":{"line":211,"column":22}},"211":{"start":{"line":212,"column":0},"end":{"line":212,"column":17}},"212":{"start":{"line":213,"column":0},"end":{"line":213,"column":26}},"213":{"start":{"line":214,"column":0},"end":{"line":214,"column":55}},"214":{"start":{"line":215,"column":0},"end":{"line":215,"column":44}},"215":{"start":{"line":216,"column":0},"end":{"line":216,"column":11}},"216":{"start":{"line":217,"column":0},"end":{"line":217,"column":54}},"217":{"start":{"line":218,"column":0},"end":{"line":218,"column":65}},"218":{"start":{"line":219,"column":0},"end":{"line":219,"column":66}},"219":{"start":{"line":220,"column":0},"end":{"line":220,"column":57}},"220":{"start":{"line":221,"column":0},"end":{"line":221,"column":19}},"221":{"start":{"line":222,"column":0},"end":{"line":222,"column":0}},"222":{"start":{"line":223,"column":0},"end":{"line":223,"column":34}},"223":{"start":{"line":224,"column":0},"end":{"line":224,"column":66}},"224":{"start":{"line":225,"column":0},"end":{"line":225,"column":19}},"225":{"start":{"line":226,"column":0},"end":{"line":226,"column":49}},"226":{"start":{"line":227,"column":0},"end":{"line":227,"column":166}},"227":{"start":{"line":228,"column":0},"end":{"line":228,"column":13}},"228":{"start":{"line":229,"column":0},"end":{"line":229,"column":32}},"229":{"start":{"line":230,"column":0},"end":{"line":230,"column":21}},"230":{"start":{"line":231,"column":0},"end":{"line":231,"column":19}},"231":{"start":{"line":232,"column":0},"end":{"line":232,"column":49}},"232":{"start":{"line":233,"column":0},"end":{"line":233,"column":141}},"233":{"start":{"line":234,"column":0},"end":{"line":234,"column":13}},"234":{"start":{"line":235,"column":0},"end":{"line":235,"column":32}},"235":{"start":{"line":236,"column":0},"end":{"line":236,"column":21}},"236":{"start":{"line":237,"column":0},"end":{"line":237,"column":16}},"237":{"start":{"line":238,"column":0},"end":{"line":238,"column":14}},"238":{"start":{"line":239,"column":0},"end":{"line":239,"column":0}},"239":{"start":{"line":240,"column":0},"end":{"line":240,"column":30}},"240":{"start":{"line":241,"column":0},"end":{"line":241,"column":25}},"241":{"start":{"line":242,"column":0},"end":{"line":242,"column":72}},"242":{"start":{"line":243,"column":0},"end":{"line":243,"column":39}},"243":{"start":{"line":244,"column":0},"end":{"line":244,"column":19}},"244":{"start":{"line":245,"column":0},"end":{"line":245,"column":96}},"245":{"start":{"line":246,"column":0},"end":{"line":246,"column":54}},"246":{"start":{"line":247,"column":0},"end":{"line":247,"column":25}},"247":{"start":{"line":248,"column":0},"end":{"line":248,"column":60}},"248":{"start":{"line":249,"column":0},"end":{"line":249,"column":65}},"249":{"start":{"line":250,"column":0},"end":{"line":250,"column":46}},"250":{"start":{"line":251,"column":0},"end":{"line":251,"column":54}},"251":{"start":{"line":252,"column":0},"end":{"line":252,"column":71}},"252":{"start":{"line":253,"column":0},"end":{"line":253,"column":23}},"253":{"start":{"line":254,"column":0},"end":{"line":254,"column":19}},"254":{"start":{"line":255,"column":0},"end":{"line":255,"column":23}},"255":{"start":{"line":256,"column":0},"end":{"line":256,"column":27}},"256":{"start":{"line":257,"column":0},"end":{"line":257,"column":47}},"257":{"start":{"line":258,"column":0},"end":{"line":258,"column":27}},"258":{"start":{"line":259,"column":0},"end":{"line":259,"column":36}},"259":{"start":{"line":260,"column":0},"end":{"line":260,"column":68}},"260":{"start":{"line":261,"column":0},"end":{"line":261,"column":67}},"261":{"start":{"line":262,"column":0},"end":{"line":262,"column":54}},"262":{"start":{"line":263,"column":0},"end":{"line":263,"column":56}},"263":{"start":{"line":264,"column":0},"end":{"line":264,"column":73}},"264":{"start":{"line":265,"column":0},"end":{"line":265,"column":25}},"265":{"start":{"line":266,"column":0},"end":{"line":266,"column":21}},"266":{"start":{"line":267,"column":0},"end":{"line":267,"column":76}},"267":{"start":{"line":268,"column":0},"end":{"line":268,"column":29}},"268":{"start":{"line":269,"column":0},"end":{"line":269,"column":21}},"269":{"start":{"line":270,"column":0},"end":{"line":270,"column":22}},"270":{"start":{"line":271,"column":0},"end":{"line":271,"column":20}},"271":{"start":{"line":272,"column":0},"end":{"line":272,"column":18}},"272":{"start":{"line":273,"column":0},"end":{"line":273,"column":16}},"273":{"start":{"line":274,"column":0},"end":{"line":274,"column":10}},"274":{"start":{"line":275,"column":0},"end":{"line":275,"column":0}},"275":{"start":{"line":276,"column":0},"end":{"line":276,"column":30}},"276":{"start":{"line":277,"column":0},"end":{"line":277,"column":46}},"277":{"start":{"line":278,"column":0},"end":{"line":278,"column":62}},"278":{"start":{"line":279,"column":0},"end":{"line":279,"column":63}},"279":{"start":{"line":280,"column":0},"end":{"line":280,"column":81}},"280":{"start":{"line":281,"column":0},"end":{"line":281,"column":44}},"281":{"start":{"line":282,"column":0},"end":{"line":282,"column":32}},"282":{"start":{"line":283,"column":0},"end":{"line":283,"column":86}},"283":{"start":{"line":284,"column":0},"end":{"line":284,"column":42}},"284":{"start":{"line":285,"column":0},"end":{"line":285,"column":25}},"285":{"start":{"line":286,"column":0},"end":{"line":286,"column":18}},"286":{"start":{"line":287,"column":0},"end":{"line":287,"column":38}},"287":{"start":{"line":288,"column":0},"end":{"line":288,"column":86}},"288":{"start":{"line":289,"column":0},"end":{"line":289,"column":48}},"289":{"start":{"line":290,"column":0},"end":{"line":290,"column":25}},"290":{"start":{"line":291,"column":0},"end":{"line":291,"column":18}},"291":{"start":{"line":292,"column":0},"end":{"line":292,"column":20}},"292":{"start":{"line":293,"column":0},"end":{"line":293,"column":21}},"293":{"start":{"line":294,"column":0},"end":{"line":294,"column":38}},"294":{"start":{"line":295,"column":0},"end":{"line":295,"column":75}},"295":{"start":{"line":296,"column":0},"end":{"line":296,"column":15}},"296":{"start":{"line":297,"column":0},"end":{"line":297,"column":25}},"297":{"start":{"line":298,"column":0},"end":{"line":298,"column":23}},"298":{"start":{"line":299,"column":0},"end":{"line":299,"column":18}},"299":{"start":{"line":300,"column":0},"end":{"line":300,"column":16}},"300":{"start":{"line":301,"column":0},"end":{"line":301,"column":10}},"301":{"start":{"line":302,"column":0},"end":{"line":302,"column":12}},"302":{"start":{"line":303,"column":0},"end":{"line":303,"column":0}},"303":{"start":{"line":304,"column":0},"end":{"line":304,"column":27}},"304":{"start":{"line":305,"column":0},"end":{"line":305,"column":89}},"305":{"start":{"line":306,"column":0},"end":{"line":306,"column":50}},"306":{"start":{"line":307,"column":0},"end":{"line":307,"column":42}},"307":{"start":{"line":308,"column":0},"end":{"line":308,"column":84}},"308":{"start":{"line":309,"column":0},"end":{"line":309,"column":15}},"309":{"start":{"line":310,"column":0},"end":{"line":310,"column":34}},"310":{"start":{"line":311,"column":0},"end":{"line":311,"column":12}},"311":{"start":{"line":312,"column":0},"end":{"line":312,"column":12}},"312":{"start":{"line":313,"column":0},"end":{"line":313,"column":28}},"313":{"start":{"line":314,"column":0},"end":{"line":314,"column":47}},"314":{"start":{"line":315,"column":0},"end":{"line":315,"column":46}},"315":{"start":{"line":316,"column":0},"end":{"line":316,"column":14}},"316":{"start":{"line":317,"column":0},"end":{"line":317,"column":10}},"317":{"start":{"line":318,"column":0},"end":{"line":318,"column":12}},"318":{"start":{"line":319,"column":0},"end":{"line":319,"column":0}},"319":{"start":{"line":320,"column":0},"end":{"line":320,"column":32}},"320":{"start":{"line":321,"column":0},"end":{"line":321,"column":40}},"321":{"start":{"line":322,"column":0},"end":{"line":322,"column":43}},"322":{"start":{"line":323,"column":0},"end":{"line":323,"column":92}},"323":{"start":{"line":324,"column":0},"end":{"line":324,"column":17}},"324":{"start":{"line":325,"column":0},"end":{"line":325,"column":34}},"325":{"start":{"line":326,"column":0},"end":{"line":326,"column":40}},"326":{"start":{"line":327,"column":0},"end":{"line":327,"column":11}},"327":{"start":{"line":328,"column":0},"end":{"line":328,"column":25}},"328":{"start":{"line":329,"column":0},"end":{"line":329,"column":19}},"329":{"start":{"line":330,"column":0},"end":{"line":330,"column":14}},"330":{"start":{"line":331,"column":0},"end":{"line":331,"column":11}},"331":{"start":{"line":332,"column":0},"end":{"line":332,"column":10}},"332":{"start":{"line":333,"column":0},"end":{"line":333,"column":26}},"333":{"start":{"line":334,"column":0},"end":{"line":334,"column":32}},"334":{"start":{"line":335,"column":0},"end":{"line":335,"column":90}},"335":{"start":{"line":336,"column":0},"end":{"line":336,"column":32}},"336":{"start":{"line":337,"column":0},"end":{"line":337,"column":12}},"337":{"start":{"line":338,"column":0},"end":{"line":338,"column":47}},"338":{"start":{"line":339,"column":0},"end":{"line":339,"column":27}},"339":{"start":{"line":340,"column":0},"end":{"line":340,"column":33}},"340":{"start":{"line":341,"column":0},"end":{"line":341,"column":34}},"341":{"start":{"line":342,"column":0},"end":{"line":342,"column":35}},"342":{"start":{"line":343,"column":0},"end":{"line":343,"column":16}},"343":{"start":{"line":344,"column":0},"end":{"line":344,"column":15}},"344":{"start":{"line":345,"column":0},"end":{"line":345,"column":16}},"345":{"start":{"line":346,"column":0},"end":{"line":346,"column":0}},"346":{"start":{"line":347,"column":0},"end":{"line":347,"column":28}},"347":{"start":{"line":348,"column":0},"end":{"line":348,"column":30}},"348":{"start":{"line":349,"column":0},"end":{"line":349,"column":72}},"349":{"start":{"line":350,"column":0},"end":{"line":350,"column":21}},"350":{"start":{"line":351,"column":0},"end":{"line":351,"column":40}},"351":{"start":{"line":352,"column":0},"end":{"line":352,"column":44}},"352":{"start":{"line":353,"column":0},"end":{"line":353,"column":217}},"353":{"start":{"line":354,"column":0},"end":{"line":354,"column":15}},"354":{"start":{"line":355,"column":0},"end":{"line":355,"column":58}},"355":{"start":{"line":356,"column":0},"end":{"line":356,"column":24}},"356":{"start":{"line":357,"column":0},"end":{"line":357,"column":23}},"357":{"start":{"line":358,"column":0},"end":{"line":358,"column":0}},"358":{"start":{"line":359,"column":0},"end":{"line":359,"column":46}},"359":{"start":{"line":360,"column":0},"end":{"line":360,"column":82}},"360":{"start":{"line":361,"column":0},"end":{"line":361,"column":25}},"361":{"start":{"line":362,"column":0},"end":{"line":362,"column":30}},"362":{"start":{"line":363,"column":0},"end":{"line":363,"column":58}},"363":{"start":{"line":364,"column":0},"end":{"line":364,"column":75}},"364":{"start":{"line":365,"column":0},"end":{"line":365,"column":42}},"365":{"start":{"line":366,"column":0},"end":{"line":366,"column":53}},"366":{"start":{"line":367,"column":0},"end":{"line":367,"column":110}},"367":{"start":{"line":368,"column":0},"end":{"line":368,"column":23}},"368":{"start":{"line":369,"column":0},"end":{"line":369,"column":19}},"369":{"start":{"line":370,"column":0},"end":{"line":370,"column":26}},"370":{"start":{"line":371,"column":0},"end":{"line":371,"column":27}},"371":{"start":{"line":372,"column":0},"end":{"line":372,"column":19}},"372":{"start":{"line":373,"column":0},"end":{"line":373,"column":20}},"373":{"start":{"line":374,"column":0},"end":{"line":374,"column":0}},"374":{"start":{"line":375,"column":0},"end":{"line":375,"column":21}},"375":{"start":{"line":376,"column":0},"end":{"line":376,"column":40}},"376":{"start":{"line":377,"column":0},"end":{"line":377,"column":53}},"377":{"start":{"line":378,"column":0},"end":{"line":378,"column":217}},"378":{"start":{"line":379,"column":0},"end":{"line":379,"column":15}},"379":{"start":{"line":380,"column":0},"end":{"line":380,"column":20}},"380":{"start":{"line":381,"column":0},"end":{"line":381,"column":59}},"381":{"start":{"line":382,"column":0},"end":{"line":382,"column":23}},"382":{"start":{"line":383,"column":0},"end":{"line":383,"column":18}},"383":{"start":{"line":384,"column":0},"end":{"line":384,"column":12}},"384":{"start":{"line":385,"column":0},"end":{"line":385,"column":11}},"385":{"start":{"line":386,"column":0},"end":{"line":386,"column":8}},"386":{"start":{"line":387,"column":0},"end":{"line":387,"column":10}},"387":{"start":{"line":388,"column":0},"end":{"line":388,"column":4}},"388":{"start":{"line":389,"column":0},"end":{"line":389,"column":2}},"389":{"start":{"line":390,"column":0},"end":{"line":390,"column":0}},"390":{"start":{"line":391,"column":0},"end":{"line":391,"column":30}}},"s":{"0":1,"1":1,"2":1,"3":1,"4":1,"5":1,"6":1,"7":1,"8":22,"9":22,"10":22,"11":22,"12":22,"13":22,"14":22,"15":22,"16":22,"17":22,"18":22,"19":22,"20":22,"21":22,"22":22,"23":22,"24":22,"25":5,"26":22,"27":22,"28":22,"29":9,"30":22,"31":22,"32":22,"33":12,"34":22,"35":22,"36":22,"37":5,"38":5,"39":5,"40":5,"41":5,"42":5,"43":5,"44":5,"45":5,"46":0,"47":0,"48":5,"49":5,"50":5,"51":5,"52":22,"53":22,"54":9,"55":9,"56":9,"57":9,"58":0,"59":0,"60":0,"61":0,"62":0,"63":9,"64":9,"65":9,"66":0,"67":0,"68":9,"69":9,"70":9,"71":0,"72":0,"73":0,"74":0,"75":0,"76":0,"77":0,"78":0,"79":0,"80":0,"81":0,"82":0,"83":9,"84":9,"85":9,"86":9,"87":9,"88":22,"89":22,"90":12,"91":12,"92":12,"93":12,"94":12,"95":22,"96":22,"97":0,"98":0,"99":22,"100":22,"101":0,"102":0,"103":0,"104":22,"105":22,"106":0,"107":0,"108":0,"109":0,"110":22,"111":22,"112":22,"113":22,"114":22,"115":22,"116":22,"117":0,"118":0,"119":0,"120":22,"121":22,"122":0,"123":0,"124":0,"125":0,"126":22,"127":22,"128":0,"129":0,"130":0,"131":0,"132":22,"133":22,"134":15,"135":15,"136":6,"137":22,"138":0,"139":0,"140":0,"141":0,"142":0,"143":0,"144":0,"145":0,"146":0,"147":0,"148":0,"149":0,"150":6,"151":6,"152":6,"153":6,"154":6,"155":6,"156":6,"157":6,"158":6,"159":6,"160":6,"161":6,"162":6,"163":6,"164":6,"165":6,"166":6,"167":6,"168":6,"169":6,"170":6,"171":0,"172":0,"173":0,"174":0,"175":0,"176":0,"177":0,"178":22,"179":22,"180":22,"181":22,"182":22,"183":22,"184":22,"185":22,"186":22,"187":22,"188":22,"189":22,"190":22,"191":22,"192":22,"193":22,"194":22,"195":22,"196":22,"197":22,"198":22,"199":22,"200":22,"201":22,"202":22,"203":0,"204":0,"205":0,"206":22,"207":22,"208":22,"209":22,"210":22,"211":22,"212":22,"213":22,"214":22,"215":22,"216":22,"217":22,"218":22,"219":22,"220":22,"221":22,"222":22,"223":22,"224":22,"225":22,"226":22,"227":22,"228":22,"229":22,"230":22,"231":22,"232":22,"233":22,"234":22,"235":22,"236":22,"237":22,"238":22,"239":22,"240":22,"241":0,"242":0,"243":0,"244":0,"245":0,"246":0,"247":0,"248":0,"249":0,"250":0,"251":0,"252":0,"253":0,"254":0,"255":0,"256":0,"257":0,"258":0,"259":0,"260":0,"261":0,"262":0,"263":0,"264":0,"265":0,"266":0,"267":0,"268":0,"269":0,"270":0,"271":0,"272":0,"273":22,"274":22,"275":22,"276":22,"277":0,"278":0,"279":0,"280":0,"281":0,"282":0,"283":0,"284":0,"285":0,"286":0,"287":0,"288":0,"289":0,"290":0,"291":0,"292":0,"293":0,"294":0,"295":0,"296":0,"297":0,"298":0,"299":0,"300":22,"301":22,"302":22,"303":22,"304":22,"305":22,"306":22,"307":0,"308":6,"309":6,"310":22,"311":22,"312":22,"313":0,"314":0,"315":0,"316":22,"317":22,"318":22,"319":22,"320":22,"321":6,"322":6,"323":6,"324":6,"325":6,"326":6,"327":6,"328":6,"329":6,"330":0,"331":0,"332":0,"333":0,"334":0,"335":0,"336":0,"337":0,"338":0,"339":0,"340":0,"341":0,"342":0,"343":0,"344":0,"345":0,"346":0,"347":0,"348":0,"349":0,"350":0,"351":0,"352":0,"353":0,"354":0,"355":0,"356":0,"357":0,"358":0,"359":0,"360":0,"361":0,"362":0,"363":0,"364":0,"365":0,"366":0,"367":0,"368":0,"369":0,"370":0,"371":0,"372":0,"373":0,"374":0,"375":0,"376":0,"377":0,"378":0,"379":0,"380":0,"381":0,"382":0,"383":0,"384":0,"385":22,"386":22,"387":22,"388":22,"389":1,"390":1},"branchMap":{"0":{"type":"branch","line":8,"loc":{"start":{"line":8,"column":23},"end":{"line":389,"column":2}},"locations":[{"start":{"line":8,"column":23},"end":{"line":389,"column":2}}]},"1":{"type":"branch","line":134,"loc":{"start":{"line":134,"column":15},"end":{"line":136,"column":3}},"locations":[{"start":{"line":134,"column":15},"end":{"line":136,"column":3}}]},"2":{"type":"branch","line":136,"loc":{"start":{"line":136,"column":2},"end":{"line":138,"column":13}},"locations":[{"start":{"line":136,"column":2},"end":{"line":138,"column":13}}]},"3":{"type":"branch","line":138,"loc":{"start":{"line":138,"column":13},"end":{"line":150,"column":3}},"locations":[{"start":{"line":138,"column":13},"end":{"line":150,"column":3}}]},"4":{"type":"branch","line":150,"loc":{"start":{"line":150,"column":2},"end":{"line":171,"column":26}},"locations":[{"start":{"line":150,"column":2},"end":{"line":171,"column":26}}]},"5":{"type":"branch","line":171,"loc":{"start":{"line":171,"column":11},"end":{"line":178,"column":21}},"locations":[{"start":{"line":171,"column":11},"end":{"line":178,"column":21}}]},"6":{"type":"branch","line":227,"loc":{"start":{"line":227,"column":83},"end":{"line":227,"column":122}},"locations":[{"start":{"line":227,"column":83},"end":{"line":227,"column":122}}]},"7":{"type":"branch","line":227,"loc":{"start":{"line":227,"column":92},"end":{"line":227,"column":163}},"locations":[{"start":{"line":227,"column":92},"end":{"line":227,"column":163}}]},"8":{"type":"branch","line":233,"loc":{"start":{"line":233,"column":58},"end":{"line":233,"column":97}},"locations":[{"start":{"line":233,"column":58},"end":{"line":233,"column":97}}]},"9":{"type":"branch","line":233,"loc":{"start":{"line":233,"column":67},"end":{"line":233,"column":138}},"locations":[{"start":{"line":233,"column":67},"end":{"line":233,"column":138}}]},"10":{"type":"branch","line":241,"loc":{"start":{"line":241,"column":9},"end":{"line":273,"column":16}},"locations":[{"start":{"line":241,"column":9},"end":{"line":273,"column":16}}]},"11":{"type":"branch","line":277,"loc":{"start":{"line":277,"column":10},"end":{"line":277,"column":46}},"locations":[{"start":{"line":277,"column":10},"end":{"line":277,"column":46}}]},"12":{"type":"branch","line":277,"loc":{"start":{"line":277,"column":24},"end":{"line":300,"column":16}},"locations":[{"start":{"line":277,"column":24},"end":{"line":300,"column":16}}]},"13":{"type":"branch","line":307,"loc":{"start":{"line":307,"column":37},"end":{"line":308,"column":84}},"locations":[{"start":{"line":307,"column":37},"end":{"line":308,"column":84}}]},"14":{"type":"branch","line":308,"loc":{"start":{"line":308,"column":81},"end":{"line":310,"column":34}},"locations":[{"start":{"line":308,"column":81},"end":{"line":310,"column":34}}]},"15":{"type":"branch","line":313,"loc":{"start":{"line":313,"column":22},"end":{"line":316,"column":14}},"locations":[{"start":{"line":313,"column":22},"end":{"line":316,"column":14}}]},"16":{"type":"branch","line":321,"loc":{"start":{"line":321,"column":35},"end":{"line":330,"column":14}},"locations":[{"start":{"line":321,"column":35},"end":{"line":330,"column":14}}]},"17":{"type":"branch","line":330,"loc":{"start":{"line":330,"column":8},"end":{"line":385,"column":11}},"locations":[{"start":{"line":330,"column":8},"end":{"line":385,"column":11}}]},"18":{"type":"branch","line":25,"loc":{"start":{"line":25,"column":12},"end":{"line":27,"column":5}},"locations":[{"start":{"line":25,"column":12},"end":{"line":27,"column":5}}]},"19":{"type":"branch","line":29,"loc":{"start":{"line":29,"column":12},"end":{"line":31,"column":5}},"locations":[{"start":{"line":29,"column":12},"end":{"line":31,"column":5}}]},"20":{"type":"branch","line":33,"loc":{"start":{"line":33,"column":12},"end":{"line":35,"column":5}},"locations":[{"start":{"line":33,"column":12},"end":{"line":35,"column":5}}]},"21":{"type":"branch","line":37,"loc":{"start":{"line":37,"column":20},"end":{"line":52,"column":4}},"locations":[{"start":{"line":37,"column":20},"end":{"line":52,"column":4}}]},"22":{"type":"branch","line":46,"loc":{"start":{"line":46,"column":4},"end":{"line":49,"column":6}},"locations":[{"start":{"line":46,"column":4},"end":{"line":49,"column":6}}]},"23":{"type":"branch","line":54,"loc":{"start":{"line":54,"column":32},"end":{"line":88,"column":4}},"locations":[{"start":{"line":54,"column":32},"end":{"line":88,"column":4}}]},"24":{"type":"branch","line":58,"loc":{"start":{"line":58,"column":20},"end":{"line":63,"column":5}},"locations":[{"start":{"line":58,"column":20},"end":{"line":63,"column":5}}]},"25":{"type":"branch","line":66,"loc":{"start":{"line":66,"column":26},"end":{"line":68,"column":5}},"locations":[{"start":{"line":66,"column":26},"end":{"line":68,"column":5}}]},"26":{"type":"branch","line":90,"loc":{"start":{"line":90,"column":27},"end":{"line":95,"column":4}},"locations":[{"start":{"line":90,"column":27},"end":{"line":95,"column":4}}]}},"b":{"0":[22],"1":[15],"2":[6],"3":[0],"4":[6],"5":[0],"6":[6],"7":[0],"8":[0],"9":[6],"10":[0],"11":[6],"12":[0],"13":[0],"14":[6],"15":[0],"16":[6],"17":[0],"18":[5],"19":[9],"20":[12],"21":[5],"22":[0],"23":[9],"24":[0],"25":[0],"26":[12]},"fnMap":{"0":{"name":"ProductListing","decl":{"start":{"line":8,"column":23},"end":{"line":389,"column":2}},"loc":{"start":{"line":8,"column":23},"end":{"line":389,"column":2}},"line":8},"1":{"name":"fetchData","decl":{"start":{"line":37,"column":20},"end":{"line":52,"column":4}},"loc":{"start":{"line":37,"column":20},"end":{"line":52,"column":4}},"line":37},"2":{"name":"filterAndSortProducts","decl":{"start":{"line":54,"column":32},"end":{"line":88,"column":4}},"loc":{"start":{"line":54,"column":32},"end":{"line":88,"column":4}},"line":54},"3":{"name":"paginateProducts","decl":{"start":{"line":90,"column":27},"end":{"line":95,"column":4}},"loc":{"start":{"line":90,"column":27},"end":{"line":95,"column":4}},"line":90},"4":{"name":"handleSearchChange","decl":{"start":{"line":97,"column":29},"end":{"line":99,"column":4}},"loc":{"start":{"line":97,"column":29},"end":{"line":99,"column":4}},"line":97},"5":{"name":"handleCategoryChange","decl":{"start":{"line":101,"column":31},"end":{"line":104,"column":4}},"loc":{"start":{"line":101,"column":31},"end":{"line":104,"column":4}},"line":101},"6":{"name":"clearFilters","decl":{"start":{"line":106,"column":23},"end":{"line":110,"column":4}},"loc":{"start":{"line":106,"column":23},"end":{"line":110,"column":4}},"line":106},"7":{"name":"handlePageChange","decl":{"start":{"line":117,"column":27},"end":{"line":120,"column":4}},"loc":{"start":{"line":117,"column":27},"end":{"line":120,"column":4}},"line":117},"8":{"name":"handlePrevPage","decl":{"start":{"line":122,"column":25},"end":{"line":126,"column":4}},"loc":{"start":{"line":122,"column":25},"end":{"line":126,"column":4}},"line":122},"9":{"name":"handleNextPage","decl":{"start":{"line":128,"column":25},"end":{"line":132,"column":4}},"loc":{"start":{"line":128,"column":25},"end":{"line":132,"column":4}},"line":128},"10":{"name":"onClick","decl":{"start":{"line":173,"column":23},"end":{"line":173,"column":47}},"loc":{"start":{"line":173,"column":23},"end":{"line":173,"column":47}},"line":173},"11":{"name":"onClick","decl":{"start":{"line":190,"column":23},"end":{"line":190,"column":58}},"loc":{"start":{"line":190,"column":23},"end":{"line":190,"column":58}},"line":190},"12":{"name":"onChange","decl":{"start":{"line":199,"column":24},"end":{"line":199,"column":67}},"loc":{"start":{"line":199,"column":24},"end":{"line":199,"column":67}},"line":199},"13":{"name":"onChange","decl":{"start":{"line":214,"column":22},"end":{"line":214,"column":55}},"loc":{"start":{"line":214,"column":22},"end":{"line":214,"column":55}},"line":214},"14":{"name":"onClick","decl":{"start":{"line":226,"column":23},"end":{"line":226,"column":49}},"loc":{"start":{"line":226,"column":23},"end":{"line":226,"column":49}},"line":226},"15":{"name":"onClick","decl":{"start":{"line":232,"column":23},"end":{"line":232,"column":49}},"loc":{"start":{"line":232,"column":23},"end":{"line":232,"column":49}},"line":232},"16":{"name":"onClick","decl":{"start":{"line":248,"column":29},"end":{"line":248,"column":60}},"loc":{"start":{"line":248,"column":29},"end":{"line":248,"column":60}},"line":248}},"f":{"0":22,"1":5,"2":9,"3":12,"4":0,"5":0,"6":0,"7":0,"8":0,"9":0,"10":0,"11":0,"12":0,"13":0,"14":0,"15":0,"16":0}}
}
